============================= test session starts ==============================
platform darwin -- Python 3.9.6, pytest-8.3.5, pluggy-1.6.0 -- /Users/yasar/Documents/VsStudioProjelerim/.venv/bin/python3
cachedir: .pytest_cache
rootdir: /Users/yasar/Documents/Yedek-Geliştirme
plugins: anyio-4.9.0, mock-3.14.1, asyncio-1.0.0
asyncio: mode=strict, asyncio_default_fixture_loop_scope=None, asyncio_default_test_loop_scope=function
collecting ... collected 118 items

tests/test_comprehensive_scenarios.py::test_product_stock_query PASSED   [  0%]
tests/test_comprehensive_scenarios.py::test_product_material_query PASSED [  1%]
tests/test_comprehensive_scenarios.py::test_new_products_query FAILED    [  2%]
tests/test_comprehensive_scenarios.py::test_product_colors_query FAILED  [  3%]
tests/test_comprehensive_scenarios.py::test_product_liner_query FAILED   [  4%]
tests/test_comprehensive_scenarios.py::test_price_query PASSED           [  5%]
tests/test_comprehensive_scenarios.py::test_shipping_cost_query PASSED   [  5%]
tests/test_comprehensive_scenarios.py::test_discount_code_query FAILED   [  6%]
tests/test_comprehensive_scenarios.py::test_campaign_query FAILED        [  7%]
tests/test_comprehensive_scenarios.py::test_how_to_order_query FAILED    [  8%]
tests/test_comprehensive_scenarios.py::test_cash_on_delivery_query PASSED [  9%]
tests/test_comprehensive_scenarios.py::test_payment_methods_query PASSED [ 10%]
tests/test_comprehensive_scenarios.py::test_order_status_query FAILED    [ 11%]
tests/test_comprehensive_scenarios.py::test_delivery_time_query PASSED   [ 11%]
tests/test_comprehensive_scenarios.py::test_tracking_number_query PASSED [ 12%]
tests/test_comprehensive_scenarios.py::test_cargo_company_query PASSED   [ 13%]
tests/test_comprehensive_scenarios.py::test_return_process_query PASSED  [ 14%]
tests/test_comprehensive_scenarios.py::test_exchange_process_query PASSED [ 15%]
tests/test_comprehensive_scenarios.py::test_refund_time_query FAILED     [ 16%]
tests/test_comprehensive_scenarios.py::test_defective_product_query FAILED [ 16%]
tests/test_comprehensive_scenarios.py::test_size_chart_query FAILED      [ 17%]
tests/test_comprehensive_scenarios.py::test_fit_type_query FAILED        [ 18%]
tests/test_comprehensive_scenarios.py::test_model_measurements_query FAILED [ 19%]
tests/test_comprehensive_scenarios.py::test_wrong_product_complaint FAILED [ 20%]
tests/test_comprehensive_scenarios.py::test_contact_info_query FAILED    [ 21%]
tests/test_comprehensive_scenarios.py::test_quality_complaint FAILED     [ 22%]
tests/test_comprehensive_scenarios.py::test_typo_price_query PASSED      [ 22%]
tests/test_comprehensive_scenarios.py::test_abbreviation_stock_query PASSED [ 23%]
tests/test_comprehensive_scenarios.py::test_slang_greeting PASSED        [ 24%]
tests/test_comprehensive_scenarios.py::test_phonetic_spelling PASSED     [ 25%]
tests/test_comprehensive_scenarios.py::test_pronoun_price_query PASSED   [ 26%]
tests/test_comprehensive_scenarios.py::test_pronoun_stock_query PASSED   [ 27%]
tests/test_comprehensive_scenarios.py::test_multiple_product_query PASSED [ 27%]
tests/test_comprehensive_scenarios.py::test_complex_query PASSED         [ 28%]
tests/test_comprehensive_scenarios.py::test_lingerie_support_query FAILED [ 29%]
tests/test_comprehensive_scenarios.py::test_lingerie_size_query PASSED   [ 30%]
tests/test_comprehensive_scenarios.py::test_plus_size_fit_query FAILED   [ 31%]
tests/test_comprehensive_scenarios.py::test_plus_size_max_query FAILED   [ 32%]
tests/test_comprehensive_scenarios.py::test_modest_length_query FAILED   [ 33%]
tests/test_comprehensive_scenarios.py::test_modest_fabric_query FAILED   [ 33%]
tests/test_comprehensive_scenarios.py::test_location_query PASSED        [ 34%]
tests/test_comprehensive_scenarios.py::test_phone_query PASSED           [ 35%]
tests/test_comprehensive_scenarios.py::test_working_hours_query PASSED   [ 36%]
tests/test_comprehensive_scenarios.py::test_website_query PASSED         [ 37%]
tests/test_comprehensive_scenarios.py::test_recommendation_query PASSED  [ 38%]
tests/test_comprehensive_scenarios.py::test_bestseller_query PASSED      [ 38%]
tests/test_comprehensive_scenarios.py::test_live_support_query PASSED    [ 39%]
tests/test_comprehensive_scenarios.py::test_human_representative_query FAILED [ 40%]
tests/test_comprehensive_scenarios.py::test_negative_response PASSED     [ 41%]
tests/test_comprehensive_scenarios.py::test_out_of_scope_query PASSED    [ 42%]
tests/test_comprehensive_scenarios.py::test_greeting_query PASSED        [ 43%]
tests/test_comprehensive_scenarios.py::test_thanks_query PASSED          [ 44%]
tests/test_comprehensive_scenarios.py::test_response_time_performance PASSED [ 44%]
tests/test_comprehensive_scenarios.py::test_concurrent_requests PASSED   [ 45%]
tests/test_comprehensive_scenarios.py::test_empty_query PASSED           [ 46%]
tests/test_comprehensive_scenarios.py::test_missing_tenant_id PASSED     [ 47%]
tests/test_comprehensive_scenarios.py::test_invalid_tenant_id PASSED     [ 48%]
tests/test_comprehensive_scenarios.py::test_very_long_query PASSED       [ 49%]
tests/test_comprehensive_scenarios.py::test_deepresearch_customer_qa[Bu pantolonun M bedeni stokta var m\u0131?-Evet, M beden stokta mevcut.-False] FAILED [ 50%]
tests/test_comprehensive_scenarios.py::test_deepresearch_customer_qa[36 beden kald\u0131 m\u0131 bu elbiseden?-Maalesef, 36 beden t\xfckendi.-False] FAILED [ 50%]
tests/test_comprehensive_scenarios.py::test_deepresearch_customer_qa[G\xf6mlek stokda varm\u0131?-Evet, stokta var.-False] FAILED [ 51%]
tests/test_comprehensive_scenarios.py::test_deepresearch_customer_qa[Bu ceket h\xe2l\xe2 var m\u0131 stokta?-Evet, \xfcr\xfcn stokta var.-False] FAILED [ 52%]
tests/test_comprehensive_scenarios.py::test_deepresearch_customer_qa[Bu elbisenin fiyat\u0131 ne kadar?-Fiyat\u0131 350 TL.-False] FAILED [ 53%]
tests/test_comprehensive_scenarios.py::test_deepresearch_customer_qa[Fiyat?-None-True] FAILED [ 54%]
tests/test_comprehensive_scenarios.py::test_deepresearch_customer_qa[mrb bu \xfcr\xfcn\xfcn fiyat\u0131 ne kdr-Merhaba, \xfcr\xfcn\xfcn fiyat\u0131 150 TL.-False] FAILED [ 55%]
tests/test_comprehensive_scenarios.py::test_deepresearch_customer_qa[Ka\xe7 para bu?-Bu \xfcr\xfcn 100 TL.-False] FAILED [ 55%]
tests/test_comprehensive_scenarios.py::test_deepresearch_customer_qa[L beden var m\u0131?-Evet, L beden stokta var.-False] FAILED [ 56%]
tests/test_comprehensive_scenarios.py::test_deepresearch_customer_qa[XL gelecek mi yine?-\u015eu an XL beden yok, \xf6n\xfcm\xfczdeki hafta stokta olacak.-False] FAILED [ 57%]
tests/test_comprehensive_scenarios.py::test_deepresearch_customer_qa[Bedenler normal mi, kal\u0131b\u0131 dar m\u0131?-\xdcr\xfcn kal\u0131b\u0131 normal, kendi bedeninizi tercih edebilirsiniz.-False] FAILED [ 58%]
tests/test_comprehensive_scenarios.py::test_deepresearch_customer_qa[Beden tablosu var m\u0131?-Evet, beden tablosu sitemizde mevcuttur.-False] FAILED [ 59%]
tests/test_comprehensive_scenarios.py::test_deepresearch_customer_qa[Bu modelin ba\u015fka rengi var m\u0131?-Evet, bu modelin k\u0131rm\u0131z\u0131 ve mavi renkleri mevcut.-False] FAILED [ 60%]
tests/test_comprehensive_scenarios.py::test_deepresearch_customer_qa[K\u0131rm\u0131z\u0131 rengi gelecek mi?-Evet, k\u0131rm\u0131z\u0131 rengi yak\u0131nda stoklar\u0131m\u0131za ekleyece\u011fiz.-False] FAILED [ 61%]
tests/test_comprehensive_scenarios.py::test_deepresearch_customer_qa[Bu elbisenin siyah\u0131 var m\u0131?-Maalesef, bu modelin siyah rengi yok.-False] FAILED [ 61%]
tests/test_comprehensive_scenarios.py::test_deepresearch_customer_qa[Elbisenin kuma\u015f\u0131 nedir?-Kuma\u015f\u0131 %100 pamuktur.-False] FAILED [ 62%]
tests/test_comprehensive_scenarios.py::test_deepresearch_customer_qa[Bu pantolon pamuk mu?-Pantolonun kuma\u015f\u0131 pamuk ve elastan kar\u0131\u015f\u0131m\u0131.-False] FAILED [ 63%]
tests/test_comprehensive_scenarios.py::test_deepresearch_customer_qa[Markas\u0131 ne bunun?-Buti\u011fimizin kendi tasar\u0131m\u0131d\u0131r.-False] FAILED [ 64%]
tests/test_comprehensive_scenarios.py::test_deepresearch_customer_qa[Bu \xfcr\xfcn orijinal mi?-Evet, t\xfcm \xfcr\xfcnlerimiz orijinaldir.-False] FAILED [ 65%]
tests/test_comprehensive_scenarios.py::test_deepresearch_customer_qa[\u0130ade var m\u0131?-Evet, teslimattan sonra 14 g\xfcn iade s\xfcremiz var.-False] FAILED [ 66%]
tests/test_comprehensive_scenarios.py::test_deepresearch_customer_qa[Ka\xe7 g\xfcnde iade edebilirim?-Teslim ald\u0131ktan sonra 14 g\xfcn i\xe7inde iade edebilirsiniz.-False] FAILED [ 66%]
tests/test_comprehensive_scenarios.py::test_deepresearch_customer_qa[De\u011fi\u015fim yap\u0131yor musunuz?-Evet, 14 g\xfcn i\xe7inde de\u011fi\u015fim yapabilirsiniz.-False] FAILED [ 67%]
tests/test_comprehensive_scenarios.py::test_deepresearch_customer_qa[\u0130ndirimli \xfcr\xfcnlerde iade oluyor mu?-Evet, indirimli \xfcr\xfcnleri de 14 g\xfcn i\xe7inde iade edebilirsiniz.-False] FAILED [ 68%]
tests/test_comprehensive_scenarios.py::test_deepresearch_customer_qa[Ma\u011fazan\u0131z var m\u0131, adresiniz nedir?-Evet, ma\u011fazam\u0131z var. Adresimiz: \u0130stanbul, Kad\u0131k\xf6y, Bahariye Caddesi No: 10.-False] FAILED [ 69%]
tests/test_comprehensive_scenarios.py::test_deepresearch_customer_qa[Telefon numaran\u0131z\u0131 alabilir miyim?-M\xfc\u015fteri hizmetleri numaram\u0131z: 0 (212) 345 67 89.-False] FAILED [ 70%]
tests/test_comprehensive_scenarios.py::test_deepresearch_customer_qa[Hangi \xf6deme y\xf6ntemleri mevcut?-Kredi kart\u0131, banka havalesi ve kap\u0131da \xf6deme se\xe7eneklerimiz var.-False] FAILED [ 71%]
tests/test_comprehensive_scenarios.py::test_deepresearch_customer_qa[Kap\u0131da \xf6deme var m\u0131?-Evet, kap\u0131da nakit veya kartla \xf6deme yapabilirsiniz.-False] FAILED [ 72%]
tests/test_comprehensive_scenarios.py::test_deepresearch_customer_qa[Kredi kart\u0131na taksit yap\u0131yor musunuz?-Evet, kredi kart\u0131na 3 taksit imkan\u0131 var.-False] FAILED [ 72%]
tests/test_comprehensive_scenarios.py::test_deepresearch_customer_qa[Kargo \xfccreti ne kadar?-Kargo \xfccreti sabit 20 TL'dir.-False] FAILED [ 73%]
tests/test_comprehensive_scenarios.py::test_deepresearch_customer_qa[Kargo ka\xe7 g\xfcnde gelir?-Kargoya verildikten sonra 2-3 g\xfcn i\xe7inde teslim edilir.-False] FAILED [ 74%]
tests/test_comprehensive_scenarios.py::test_deepresearch_customer_qa[\xdccretsiz kargo var m\u0131?-Evet, 300 TL ve \xfczeri sipari\u015flerde kargo \xfccretsiz.-False] FAILED [ 75%]
tests/test_comprehensive_scenarios.py::test_deepresearch_customer_qa[Yurt d\u0131\u015f\u0131na g\xf6nderim var m\u0131?-Evet, yurt d\u0131\u015f\u0131na da g\xf6nderim yap\u0131yoruz.-False] FAILED [ 76%]
tests/test_comprehensive_scenarios.py::test_deepresearch_customer_qa[Hangi kargo ile \xe7al\u0131\u015f\u0131yorsunuz?-Yurti\xe7i Kargo ile \xe7al\u0131\u015f\u0131yoruz.-False] FAILED [ 77%]
tests/test_comprehensive_scenarios.py::test_deepresearch_customer_qa[\u015eu an bir kampanya var m\u0131?-Evet, \u015fu an t\xfcm \xfcr\xfcnlerde %10 indirim kampanyam\u0131z var.-False] FAILED [ 77%]
tests/test_comprehensive_scenarios.py::test_deepresearch_customer_qa[\u0130ndirim kodu var m\u0131?-Maalesef, \u015fu an ge\xe7erli bir indirim kodumuz yok.-False] FAILED [ 78%]
tests/test_comprehensive_scenarios.py::test_deepresearch_customer_qa[3 al 2 \xf6de kampanyan\u0131z var m\u0131?-Maalesef, 3 al 2 \xf6de kampanyam\u0131z bulunmuyor.-False] FAILED [ 79%]
tests/test_comprehensive_scenarios.py::test_deepresearch_customer_qa[\u0130lk al\u0131\u015fveri\u015fe indirim var m\u0131?-Evet, ilk al\u0131\u015fveri\u015finizde %5 indirim uyguluyoruz.-False] FAILED [ 80%]
tests/test_comprehensive_scenarios.py::test_deepresearch_customer_qa[Anneme hediye i\xe7in ne \xf6nerirsiniz?-Elbise veya \u015f\u0131k bir \u015fal hediye i\xe7in uygun olabilir.-False] FAILED [ 81%]
tests/test_comprehensive_scenarios.py::test_deepresearch_customer_qa[E\u015fime pijama almak istiyorum, \xf6neriniz var m\u0131?-Pamuklu pijama tak\u0131mlar\u0131m\u0131z hediye i\xe7in ideal olacakt\u0131r.-False] FAILED [ 82%]
tests/test_comprehensive_scenarios.py::test_deepresearch_customer_qa[Bu pantolonun yan\u0131na hangi g\xf6mlek gider?-Beyaz veya siyah bir g\xf6mlek bu pantolonla uyumlu olur.-False] FAILED [ 83%]
tests/test_comprehensive_scenarios.py::test_deepresearch_customer_qa[M\xfc\u015fteri temsilcisine ba\u011flar m\u0131s\u0131n\u0131z?-Tabii, hemen ba\u011fl\u0131yorum.-False] FAILED [ 83%]
tests/test_comprehensive_scenarios.py::test_deepresearch_customer_qa[Bir yetkiliyle g\xf6r\xfc\u015fmek istiyorum.-Elbette, sizi hemen yetkiliye aktar\u0131yorum.-False] FAILED [ 84%]
tests/test_comprehensive_scenarios.py::test_deepresearch_customer_qa[Sipari\u015fim eksik geldi.-Ya\u015fanan eksiklik i\xe7in \xf6z\xfcr dileriz, hemen yetkiliye aktar\u0131yorum.-False] FAILED [ 85%]
tests/test_comprehensive_scenarios.py::test_deepresearch_customer_qa[Ayn\u0131 g\xfcn iki sipari\u015f verdim, birle\u015ftirilsin.-Elbette, iki sipari\u015finizi tek pakette birle\u015ftiriyoruz.-False] FAILED [ 86%]
tests/test_comprehensive_scenarios.py::test_deepresearch_customer_qa[Kargom h\xe2l\xe2 gelmedi.-Gecikme i\xe7in \xfczg\xfcn\xfcz. Takip kodunuzu payla\u015f\u0131rsan\u0131z hemen kontrol edelim.-False] FAILED [ 87%]
tests/test_comprehensive_scenarios.py::test_deepresearch_customer_qa[Sipari\u015fimi iptal etmek istiyorum.-Tamam, iptal talebinizi al\u0131yorum ve i\u015fleme koyuyorum.-False] FAILED [ 88%]
tests/test_comprehensive_scenarios.py::test_deepresearch_customer_qa[Elbisenin bedeni olmad\u0131. De\u011fi\u015fim veya iade yapabilir miyim?-Evet, \xfcr\xfcn\xfc 14 g\xfcn i\xe7inde iade edebilir veya farkl\u0131 bedenle de\u011fi\u015ftirebilirsiniz.-False] FAILED [ 88%]
tests/test_comprehensive_scenarios.py::test_deepresearch_customer_qa[Yanl\u0131\u015f \xfcr\xfcn g\xf6nderdiniz!-Ya\u015fanan kar\u0131\u015f\u0131kl\u0131k i\xe7in \xf6z\xfcr dileriz, do\u011fru \xfcr\xfcn\xfc g\xf6ndermek \xfczere hemen i\u015flem yap\u0131yoruz.-False] FAILED [ 89%]
tests/test_comprehensive_scenarios.py::test_deepresearch_customer_qa[\xdcr\xfcn defolu \xe7\u0131kt\u0131, iade istiyorum.-\xd6z\xfcr dileriz. Defolu \xfcr\xfcn\xfc \xfccretsiz iade alabiliriz, hemen yard\u0131mc\u0131 oluyoruz.-False] FAILED [ 90%]
tests/test_comprehensive_scenarios.py::test_deepresearch_customer_qa[\u0130\xe7 \xe7ama\u015f\u0131r\u0131 iade edilebilir mi?-Maalesef, hijyen nedeniyle i\xe7 \xe7ama\u015f\u0131r\u0131 \xfcr\xfcnlerinde iade veya de\u011fi\u015fim yapam\u0131yoruz.-False] FAILED [ 91%]
tests/test_comprehensive_scenarios.py::test_deepresearch_customer_qa[85C s\xfctyen var m\u0131?-Evet, 85C beden s\xfctyen stoklar\u0131m\u0131zda mevcut.-False] FAILED [ 92%]
tests/test_comprehensive_scenarios.py::test_deepresearch_customer_qa[Boxer sat\u0131yor musunuz?-Evet, erkek boxer modellerimiz mevcuttur.-False] FAILED [ 93%]
tests/test_comprehensive_scenarios.py::test_deepresearch_customer_qa[Pijama var m\u0131?-Evet, \xe7e\u015fitli pijama modellerimiz var.-False] FAILED [ 94%]
tests/test_comprehensive_scenarios.py::test_deepresearch_customer_qa[\xc7orap var m\u0131 sizde?-Evet, farkl\u0131 renk ve desende \xe7oraplar\u0131m\u0131z bulunuyor.-False] FAILED [ 94%]
tests/test_comprehensive_scenarios.py::test_deepresearch_customer_qa[Instagram'da payla\u015ft\u0131\u011f\u0131n\u0131z k\u0131rm\u0131z\u0131 elbisenin linkini atar m\u0131s\u0131n\u0131z?-Tabii, ilgili \xfcr\xfcn\xfcn sat\u0131\u015f linkini payla\u015f\u0131yorum: [URL]-False] FAILED [ 95%]
tests/test_comprehensive_scenarios.py::test_deepresearch_customer_qa[36 beden var m\u0131? Fiyat\u0131 ne kadar? Kargo \xfccreti ne kadar?-36 beden stokta mevcut. Fiyat\u0131 250 TL. Kargo \xfccreti 20 TL.-False] FAILED [ 96%]
tests/test_comprehensive_scenarios.py::test_deepresearch_customer_qa[slm kargo kac gun surer-Merhaba, kargo genellikle 2-3 g\xfcnde teslim edilir.-False] FAILED [ 97%]
tests/test_comprehensive_scenarios.py::test_deepresearch_customer_qa[mrb bu \xfcr\xfcn\xfcn fiyat\u0131 ne kdr-Merhaba, \xfcr\xfcn\xfcn fiyat\u0131 180 TL.-False] FAILED [ 98%]
tests/test_comprehensive_scenarios.py::test_deepresearch_customer_qa[baska renk varmi-Bu \xfcr\xfcn\xfcn ba\u015fka rengi bulunmuyor.-False] FAILED [ 99%]
tests/test_comprehensive_scenarios.py::test_deepresearch_customer_qa[Fiyat??-None-True] FAILED [100%]

=================================== FAILURES ===================================
___________________________ test_new_products_query ____________________________

client = <starlette.testclient.TestClient object at 0x11e199370>

    def test_new_products_query(client):
        """Yeni ürünler sorgulama testi."""
        response = client.post(
            "/process_query/",
            json={"query": "Yeni gelen ürünleriniz var mı?", "tenant_id": 1}
        )
        assert response.status_code == 200
        data = response.json()
>       assert data["detected_intent"] == "ürün_bilgisi_sorma"
E       AssertionError: assert 'kapsam_disi' == 'ürün_bilgisi_sorma'
E         
E         - ürün_bilgisi_sorma
E         + kapsam_disi

tests/test_comprehensive_scenarios.py:51: AssertionError
------------------------------ Captured log call -------------------------------
WARNING  zeyrek.rulebasedanalyzer:rulebasedanalyzer.py:57 APPENDING RESULT: <(yeni_Adj)(-)(yeni:adjectiveRoot_ST)>
WARNING  zeyrek.rulebasedanalyzer:rulebasedanalyzer.py:57 APPENDING RESULT: <(yeni_Adv)(-)(yeni:advRoot_ST)>
WARNING  zeyrek.rulebasedanalyzer:rulebasedanalyzer.py:57 APPENDING RESULT: <(yen_Noun)(-)(yen:noun_S + a3sg_S + pnon_S + i:acc_ST)>
WARNING  zeyrek.rulebasedanalyzer:rulebasedanalyzer.py:57 APPENDING RESULT: <(yen_Noun)(-)(yen:noun_S + a3sg_S + i:p3sg_S + nom_ST)>
WARNING  zeyrek.rulebasedanalyzer:rulebasedanalyzer.py:57 APPENDING RESULT: <(gelen_Adj)(-)(gelen:adjectiveRoot_ST)>
WARNING  zeyrek.rulebasedanalyzer:rulebasedanalyzer.py:57 APPENDING RESULT: <(gelmek_Verb)(-)(gel:verbRoot_S + en:vPresPart_S + adjAfterVerb_ST)>
WARNING  zeyrek.rulebasedanalyzer:rulebasedanalyzer.py:57 APPENDING RESULT: <(gele_Noun)(-)(gele:noun_S + a3sg_S + n:p2sg_S + nom_ST)>
WARNING  zeyrek.rulebasedanalyzer:rulebasedanalyzer.py:57 APPENDING RESULT: <(Ge_Noun_Abbrv)(-)(ge:nounAbbrv_S + a3sg_S + pnon_S + nom_ST + len:acquire_S + verbRoot_S + vImp_S + vA2sg_ST)>
WARNING  zeyrek.rulebasedanalyzer:rulebasedanalyzer.py:57 APPENDING RESULT: <(ge_Noun)(-)(ge:noun_S + a3sg_S + pnon_S + nom_ST + len:acquire_S + verbRoot_S + vImp_S + vA2sg_ST)>
WARNING  zeyrek.rulebasedanalyzer:rulebasedanalyzer.py:57 APPENDING RESULT: <(ürün_Noun)(-)(ürün:noun_S + ler:a3pl_S + iniz:p2pl_S + nom_ST)>
WARNING  zeyrek.rulebasedanalyzer:rulebasedanalyzer.py:57 APPENDING RESULT: <(ürün_Noun)(-)(ürün:noun_S + ler:a3pl_S + pnon_S + in:gen_ST + nounZeroDeriv_S + nVerb_S + nPresent_S + iz:nA1pl_ST)>
WARNING  zeyrek.rulebasedanalyzer:rulebasedanalyzer.py:57 APPENDING RESULT: <(ürün_Noun)(-)(ürün:noun_S + ler:a3pl_S + in:p2sg_S + nom_ST + nounZeroDeriv_S + nVerb_S + nPresent_S + iz:nA1pl_ST)>
__________________________ test_product_colors_query ___________________________

client = <starlette.testclient.TestClient object at 0x11e199370>

    def test_product_colors_query(client):
        """Ürün renk seçenekleri sorgulama testi."""
        response = client.post(
            "/process_query/",
            json={"query": "Bu bluzun başka renkleri var mı?", "tenant_id": 1}
        )
        assert response.status_code == 200
        data = response.json()
>       assert data["detected_intent"] == "ürün_bilgisi_sorma"
E       AssertionError: assert 'kapsam_disi' == 'ürün_bilgisi_sorma'
E         
E         - ürün_bilgisi_sorma
E         + kapsam_disi

tests/test_comprehensive_scenarios.py:61: AssertionError
------------------------------ Captured log call -------------------------------
WARNING  zeyrek.rulebasedanalyzer:rulebasedanalyzer.py:57 APPENDING RESULT: <(bluz_Noun)(-)(bluz:noun_S + a3sg_S + pnon_S + un:gen_ST)>
WARNING  zeyrek.rulebasedanalyzer:rulebasedanalyzer.py:57 APPENDING RESULT: <(bluz_Noun)(-)(bluz:noun_S + a3sg_S + un:p2sg_S + nom_ST)>
WARNING  zeyrek.rulebasedanalyzer:rulebasedanalyzer.py:57 APPENDING RESULT: <(başka_Postp_PCAbl)(-)(başka:postpRoot_ST)>
WARNING  zeyrek.rulebasedanalyzer:rulebasedanalyzer.py:57 APPENDING RESULT: <(başka_Adj)(-)(başka:adjectiveRoot_ST)>
WARNING  zeyrek.rulebasedanalyzer:rulebasedanalyzer.py:57 APPENDING RESULT: <(renk_Noun)(-)(renk:noun_S + a3sg_S + leri:p3pl_S + nom_ST)>
WARNING  zeyrek.rulebasedanalyzer:rulebasedanalyzer.py:57 APPENDING RESULT: <(renk_Noun)(-)(renk:noun_S + ler:a3pl_S + pnon_S + i:acc_ST)>
WARNING  zeyrek.rulebasedanalyzer:rulebasedanalyzer.py:57 APPENDING RESULT: <(renk_Noun)(-)(renk:noun_S + ler:a3pl_S + i:p3sg_S + nom_ST)>
WARNING  zeyrek.rulebasedanalyzer:rulebasedanalyzer.py:57 APPENDING RESULT: <(renk_Noun)(-)(renk:noun_S + ler:a3pl_S + i:p3pl_S + nom_ST)>
___________________________ test_product_liner_query ___________________________

client = <starlette.testclient.TestClient object at 0x11e199370>

    def test_product_liner_query(client):
        """Ürün astar durumu sorgulama testi."""
        response = client.post(
            "/process_query/",
            json={"query": "Bu ceketin iç astarı var mı?", "tenant_id": 1}
        )
        assert response.status_code == 200
        data = response.json()
>       assert data["detected_intent"] == "ürün_bilgisi_sorma"
E       AssertionError: assert 'kapsam_disi' == 'ürün_bilgisi_sorma'
E         
E         - ürün_bilgisi_sorma
E         + kapsam_disi

tests/test_comprehensive_scenarios.py:71: AssertionError
------------------------------ Captured log call -------------------------------
WARNING  zeyrek.rulebasedanalyzer:rulebasedanalyzer.py:57 APPENDING RESULT: <(iç_Adj)(-)(iç:adjectiveRoot_ST)>
WARNING  zeyrek.rulebasedanalyzer:rulebasedanalyzer.py:57 APPENDING RESULT: <(içmek_Verb)(-)(iç:verbRoot_S + vImp_S + vA2sg_ST)>
WARNING  zeyrek.rulebasedanalyzer:rulebasedanalyzer.py:57 APPENDING RESULT: <(iç_Noun)(-)(iç:noun_S + a3sg_S + pnon_S + nom_ST)>
WARNING  zeyrek.rulebasedanalyzer:rulebasedanalyzer.py:57 APPENDING RESULT: <(astar_Noun)(-)(astar:noun_S + a3sg_S + pnon_S + ı:acc_ST)>
WARNING  zeyrek.rulebasedanalyzer:rulebasedanalyzer.py:57 APPENDING RESULT: <(astar_Noun)(-)(astar:noun_S + a3sg_S + ı:p3sg_S + nom_ST)>
___________________________ test_discount_code_query ___________________________

client = <starlette.testclient.TestClient object at 0x11e199370>

    def test_discount_code_query(client):
        """İndirim kodu kullanımı sorgulama testi."""
        response = client.post(
            "/process_query/",
            json={"query": "İndirim kodumu nasıl kullanabilirim?", "tenant_id": 1}
        )
        assert response.status_code == 200
        data = response.json()
>       assert data["detected_intent"] == "odeme_yontemleri_sorma"
E       AssertionError: assert 'kapsam_disi' == 'odeme_yontemleri_sorma'
E         
E         - odeme_yontemleri_sorma
E         + kapsam_disi

tests/test_comprehensive_scenarios.py:105: AssertionError
------------------------------ Captured log call -------------------------------
WARNING  zeyrek.rulebasedanalyzer:rulebasedanalyzer.py:57 APPENDING RESULT: <(kol_Noun)(-)(kol:noun_S + a3sg_S + um:p1sg_S + u:acc_ST)>
WARNING  zeyrek.rulebasedanalyzer:rulebasedanalyzer.py:57 APPENDING RESULT: <(kullanmak_Verb)(-)(kullan:verbRoot_S + abil:vAble_S + verbRoot_S + ir:vAor_S + im:vA1sg_ST)>
WARNING  zeyrek.rulebasedanalyzer:rulebasedanalyzer.py:57 APPENDING RESULT: <(kul_Noun)(-)(kul:noun_S + a3sg_S + pnon_S + nom_ST + lan:acquire_S + verbRoot_S + abil:vAble_S + verbRoot_S + ir:vAor_S + im:vA1sg_ST)>
_____________________________ test_campaign_query ______________________________

client = <starlette.testclient.TestClient object at 0x11e199370>

    def test_campaign_query(client):
        """Kampanya sorgulama testi."""
        response = client.post(
            "/process_query/",
            json={"query": "Şu an devam eden bir kampanya var mı?", "tenant_id": 1}
        )
        assert response.status_code == 200
        data = response.json()
>       assert data["detected_intent"] == "odeme_yontemleri_sorma"
E       AssertionError: assert 'kapsam_disi' == 'odeme_yontemleri_sorma'
E         
E         - odeme_yontemleri_sorma
E         + kapsam_disi

tests/test_comprehensive_scenarios.py:115: AssertionError
------------------------------ Captured log call -------------------------------
WARNING  zeyrek.rulebasedanalyzer:rulebasedanalyzer.py:57 APPENDING RESULT: <(anmak_Verb)(-)(an:verbRoot_S + vImp_S + vA2sg_ST)>
WARNING  zeyrek.rulebasedanalyzer:rulebasedanalyzer.py:57 APPENDING RESULT: <(an_Noun_Time)(-)(an:noun_S + a3sg_S + pnon_S + nom_ST)>
WARNING  zeyrek.rulebasedanalyzer:rulebasedanalyzer.py:57 APPENDING RESULT: <(devam_Interj)(-)(devam:interjRoot_ST)>
WARNING  zeyrek.rulebasedanalyzer:rulebasedanalyzer.py:57 APPENDING RESULT: <(deva_Noun)(-)(deva:noun_S + a3sg_S + m:p1sg_S + nom_ST)>
WARNING  zeyrek.rulebasedanalyzer:rulebasedanalyzer.py:57 APPENDING RESULT: <(Deva_Noun_Prop)(-)(deva:nounProper_S + a3sg_S + m:p1sg_S + nom_ST)>
WARNING  zeyrek.rulebasedanalyzer:rulebasedanalyzer.py:57 APPENDING RESULT: <(devam_Noun)(-)(devam:noun_S + a3sg_S + pnon_S + nom_ST)>
WARNING  zeyrek.rulebasedanalyzer:rulebasedanalyzer.py:57 APPENDING RESULT: <(etmek_Verb)(-)(ed:verbRoot_S + en:vPresPart_S + adjAfterVerb_ST)>
WARNING  zeyrek.rulebasedanalyzer:rulebasedanalyzer.py:57 APPENDING RESULT: <(E_Noun_Abbrv)(-)(e:nounAbbrv_S + a3sg_S + pnon_S + den:abl_ST)>
WARNING  zeyrek.rulebasedanalyzer:rulebasedanalyzer.py:57 APPENDING RESULT: <(ede_Noun)(-)(ede:noun_S + a3sg_S + n:p2sg_S + nom_ST)>
WARNING  zeyrek.rulebasedanalyzer:rulebasedanalyzer.py:57 APPENDING RESULT: <(bir_Num_Card)(-)(bir:numeralRoot_ST)>
WARNING  zeyrek.rulebasedanalyzer:rulebasedanalyzer.py:57 APPENDING RESULT: <(bir_Adj)(-)(bir:adjectiveRoot_ST)>
WARNING  zeyrek.rulebasedanalyzer:rulebasedanalyzer.py:57 APPENDING RESULT: <(bir_Det)(-)(bir:detRoot_ST)>
WARNING  zeyrek.rulebasedanalyzer:rulebasedanalyzer.py:57 APPENDING RESULT: <(bir_Adv)(-)(bir:advRoot_ST)>
WARNING  zeyrek.rulebasedanalyzer:rulebasedanalyzer.py:57 APPENDING RESULT: <(şampanya_Noun)(-)(şampanya:noun_S + a3sg_S + pnon_S + nom_ST)>
___________________________ test_how_to_order_query ____________________________

client = <starlette.testclient.TestClient object at 0x11e199370>

    def test_how_to_order_query(client):
        """Nasıl sipariş verilir sorgulama testi."""
        response = client.post(
            "/process_query/",
            json={"query": "Nasıl sipariş verebilirim?", "tenant_id": 1}
        )
        assert response.status_code == 200
        data = response.json()
>       assert data["detected_intent"] == "odeme_yontemleri_sorma"
E       AssertionError: assert 'kapsam_disi' == 'odeme_yontemleri_sorma'
E         
E         - odeme_yontemleri_sorma
E         + kapsam_disi

tests/test_comprehensive_scenarios.py:129: AssertionError
------------------------------ Captured log call -------------------------------
WARNING  zeyrek.rulebasedanalyzer:rulebasedanalyzer.py:57 APPENDING RESULT: <(vermek_Verb)(-)(ver:verbRoot_S + ebil:vAble_S + verbRoot_S + ir:vAor_S + im:vA1sg_ST)>
___________________________ test_order_status_query ____________________________

client = <starlette.testclient.TestClient object at 0x11e199370>

    def test_order_status_query(client):
        """Sipariş durumu sorgulama testi."""
        response = client.post(
            "/process_query/",
            json={"query": "Siparişimin durumunu nasıl öğrenebilirim?", "tenant_id": 1}
        )
        assert response.status_code == 200
        data = response.json()
>       assert data["detected_intent"] == "siparis_durumu_sorma"
E       AssertionError: assert 'kapsam_disi' == 'siparis_durumu_sorma'
E         
E         - siparis_durumu_sorma
E         + kapsam_disi

tests/test_comprehensive_scenarios.py:159: AssertionError
------------------------------ Captured log call -------------------------------
WARNING  zeyrek.rulebasedanalyzer:rulebasedanalyzer.py:57 APPENDING RESULT: <(sipariş_Noun)(-)(sipariş:noun_S + a3sg_S + im:p1sg_S + in:gen_ST)>
WARNING  zeyrek.rulebasedanalyzer:rulebasedanalyzer.py:57 APPENDING RESULT: <(durum_Noun)(-)(durum:noun_S + a3sg_S + un:p2sg_S + u:acc_ST)>
WARNING  zeyrek.rulebasedanalyzer:rulebasedanalyzer.py:57 APPENDING RESULT: <(durum_Noun)(-)(durum:noun_S + a3sg_S + u:p3sg_S + nu:acc_ST)>
WARNING  zeyrek.rulebasedanalyzer:rulebasedanalyzer.py:57 APPENDING RESULT: <(öğrenmek_Verb)(-)(öğren:verbRoot_S + ebil:vAble_S + verbRoot_S + ir:vAor_S + im:vA1sg_ST)>
____________________________ test_refund_time_query ____________________________

client = <starlette.testclient.TestClient object at 0x11e199370>

    def test_refund_time_query(client):
        """Para iadesi süresi sorgulama testi."""
        response = client.post(
            "/process_query/",
            json={"query": "Para iadem ne zaman yapılır?", "tenant_id": 1}
        )
        assert response.status_code == 200
        data = response.json()
>       assert data["detected_intent"] == "iade_sorgulama"
E       AssertionError: assert 'kapsam_disi' == 'iade_sorgulama'
E         
E         - iade_sorgulama
E         + kapsam_disi

tests/test_comprehensive_scenarios.py:227: AssertionError
------------------------------ Captured log call -------------------------------
WARNING  zeyrek.rulebasedanalyzer:rulebasedanalyzer.py:57 APPENDING RESULT: <(madem_Conj)(-)(madem:conjRoot_ST)>
WARNING  zeyrek.rulebasedanalyzer:rulebasedanalyzer.py:57 APPENDING RESULT: <(Made_Noun_Prop)(-)(made:nounProper_S + a3sg_S + m:p1sg_S + nom_ST)>
WARNING  zeyrek.rulebasedanalyzer:rulebasedanalyzer.py:57 APPENDING RESULT: <(zaman_Noun_Time)(-)(zaman:noun_S + a3sg_S + pnon_S + nom_ST)>
_________________________ test_defective_product_query _________________________

client = <starlette.testclient.TestClient object at 0x11e199370>

    def test_defective_product_query(client):
        """Kusurlu ürün sorgulama testi."""
        response = client.post(
            "/process_query/",
            json={"query": "Kusurlu ürün geldi, ne yapmalıyım?", "tenant_id": 1}
        )
        assert response.status_code == 200
        data = response.json()
>       assert data["detected_intent"] == "iade_sorgulama"
E       AssertionError: assert 'kapsam_disi' == 'iade_sorgulama'
E         
E         - iade_sorgulama
E         + kapsam_disi

tests/test_comprehensive_scenarios.py:237: AssertionError
------------------------------ Captured log call -------------------------------
WARNING  zeyrek.rulebasedanalyzer:rulebasedanalyzer.py:57 APPENDING RESULT: <(kusur_Noun)(-)(kusur:noun_S + a3sg_S + pnon_S + nom_ST + lu:with_S + adjectiveRoot_ST)>
WARNING  zeyrek.rulebasedanalyzer:rulebasedanalyzer.py:57 APPENDING RESULT: <(gelmek_Verb)(-)(gel:verbRoot_S + di:vPast_S + vA3sg_ST)>
WARNING  zeyrek.rulebasedanalyzer:rulebasedanalyzer.py:57 APPENDING RESULT: <(yapmak_Verb)(-)(yap:verbRoot_S + malı:vNeces_S + yım:vA1sg_ST)>
____________________________ test_size_chart_query _____________________________

client = <starlette.testclient.TestClient object at 0x11e199370>

    def test_size_chart_query(client):
        """Beden tablosu sorgulama testi."""
        response = client.post(
            "/process_query/",
            json={"query": "Beden tablonuz var mı?", "tenant_id": 1}
        )
        assert response.status_code == 200
        data = response.json()
>       assert data["detected_intent"] == "ürün_bilgisi_sorma"
E       AssertionError: assert 'kapsam_disi' == 'ürün_bilgisi_sorma'
E         
E         - ürün_bilgisi_sorma
E         + kapsam_disi

tests/test_comprehensive_scenarios.py:251: AssertionError
------------------------------ Captured log call -------------------------------
WARNING  zeyrek.rulebasedanalyzer:rulebasedanalyzer.py:57 APPENDING RESULT: <(tablo_Noun)(-)(tablo:noun_S + a3sg_S + nuz:p2pl_S + nom_ST)>
WARNING  zeyrek.rulebasedanalyzer:rulebasedanalyzer.py:57 APPENDING RESULT: <(tablo_Noun)(-)(tablo:noun_S + a3sg_S + n:p2sg_S + nom_ST + nounZeroDeriv_S + nVerb_S + nPresent_S + uz:nA1pl_ST)>
_____________________________ test_fit_type_query ______________________________

client = <starlette.testclient.TestClient object at 0x11e199370>

    def test_fit_type_query(client):
        """Kalıp türü sorgulama testi."""
        response = client.post(
            "/process_query/",
            json={"query": "Bu elbisenin kalıbı dar mı geniş mi?", "tenant_id": 1}
        )
        assert response.status_code == 200
        data = response.json()
>       assert data["detected_intent"] == "ürün_bilgisi_sorma"
E       AssertionError: assert 'kapsam_disi' == 'ürün_bilgisi_sorma'
E         
E         - ürün_bilgisi_sorma
E         + kapsam_disi

tests/test_comprehensive_scenarios.py:261: AssertionError
------------------------------ Captured log call -------------------------------
WARNING  zeyrek.rulebasedanalyzer:rulebasedanalyzer.py:57 APPENDING RESULT: <(elbise_Noun)(-)(elbise:noun_S + a3sg_S + pnon_S + nin:gen_ST)>
WARNING  zeyrek.rulebasedanalyzer:rulebasedanalyzer.py:57 APPENDING RESULT: <(elbise_Noun)(-)(elbise:noun_S + a3sg_S + n:p2sg_S + in:gen_ST)>
WARNING  zeyrek.rulebasedanalyzer:rulebasedanalyzer.py:57 APPENDING RESULT: <(kalmak_Verb)(-)(kal:verbRoot_S + ıcı:vAgt_S + adjAfterVerb_ST)>
WARNING  zeyrek.rulebasedanalyzer:rulebasedanalyzer.py:57 APPENDING RESULT: <(kalıç_Noun)(-)(kalıc:noun_S + a3sg_S + pnon_S + ı:acc_ST)>
WARNING  zeyrek.rulebasedanalyzer:rulebasedanalyzer.py:57 APPENDING RESULT: <(kalıç_Noun)(-)(kalıc:noun_S + a3sg_S + ı:p3sg_S + nom_ST)>
WARNING  zeyrek.rulebasedanalyzer:rulebasedanalyzer.py:57 APPENDING RESULT: <(kalmak_Verb)(-)(kal:verbRoot_S + ıcı:vAgt_S + noun_S + a3sg_S + pnon_S + nom_ST)>
WARNING  zeyrek.rulebasedanalyzer:rulebasedanalyzer.py:57 APPENDING RESULT: <(dar_Adv)(-)(dar:advRoot_ST)>
WARNING  zeyrek.rulebasedanalyzer:rulebasedanalyzer.py:57 APPENDING RESULT: <(dar_Adj)(-)(dar:adjectiveRoot_ST)>
WARNING  zeyrek.rulebasedanalyzer:rulebasedanalyzer.py:57 APPENDING RESULT: <(dar_Noun)(-)(dar:noun_S + a3sg_S + pnon_S + nom_ST)>
WARNING  zeyrek.rulebasedanalyzer:rulebasedanalyzer.py:57 APPENDING RESULT: <(geniş_Adj)(-)(geniş:adjectiveRoot_ST)>
________________________ test_model_measurements_query _________________________

client = <starlette.testclient.TestClient object at 0x11e199370>

    def test_model_measurements_query(client):
        """Manken ölçüleri sorgulama testi."""
        response = client.post(
            "/process_query/",
            json={"query": "Mankenin ölçüleri nedir?", "tenant_id": 1}
        )
        assert response.status_code == 200
        data = response.json()
>       assert data["detected_intent"] == "ürün_bilgisi_sorma"
E       AssertionError: assert 'kapsam_disi' == 'ürün_bilgisi_sorma'
E         
E         - ürün_bilgisi_sorma
E         + kapsam_disi

tests/test_comprehensive_scenarios.py:271: AssertionError
------------------------------ Captured log call -------------------------------
WARNING  zeyrek.rulebasedanalyzer:rulebasedanalyzer.py:57 APPENDING RESULT: <(manken_Noun)(-)(manken:noun_S + a3sg_S + pnon_S + in:gen_ST)>
WARNING  zeyrek.rulebasedanalyzer:rulebasedanalyzer.py:57 APPENDING RESULT: <(manken_Noun)(-)(manken:noun_S + a3sg_S + in:p2sg_S + nom_ST)>
WARNING  zeyrek.rulebasedanalyzer:rulebasedanalyzer.py:57 APPENDING RESULT: <(ölçü_Noun)(-)(ölçü:noun_S + ler:a3pl_S + pnon_S + i:acc_ST)>
WARNING  zeyrek.rulebasedanalyzer:rulebasedanalyzer.py:57 APPENDING RESULT: <(ölçü_Noun)(-)(ölçü:noun_S + ler:a3pl_S + i:p3sg_S + nom_ST)>
WARNING  zeyrek.rulebasedanalyzer:rulebasedanalyzer.py:57 APPENDING RESULT: <(ölçü_Noun)(-)(ölçü:noun_S + ler:a3pl_S + i:p3pl_S + nom_ST)>
_________________________ test_wrong_product_complaint _________________________

client = <starlette.testclient.TestClient object at 0x11e199370>

    def test_wrong_product_complaint(client):
        """Yanlış ürün şikayeti testi."""
        response = client.post(
            "/process_query/",
            json={"query": "Yanlış ürün gönderdiniz.", "tenant_id": 1}
        )
        assert response.status_code == 200
        data = response.json()
        # Şikayet için uygun intent tespit edilmeli
>       assert data["detected_intent"] in ["iade_sorgulama", "musteri_hizmetlerine_baglanma"]
E       AssertionError: assert 'kapsam_disi' in ['iade_sorgulama', 'musteri_hizmetlerine_baglanma']

tests/test_comprehensive_scenarios.py:286: AssertionError
------------------------------ Captured log call -------------------------------
WARNING  zeyrek.rulebasedanalyzer:rulebasedanalyzer.py:57 APPENDING RESULT: <(yanlış_Adv)(-)(yanlış:advRoot_ST)>
WARNING  zeyrek.rulebasedanalyzer:rulebasedanalyzer.py:57 APPENDING RESULT: <(yanlış_Adj)(-)(yanlış:adjectiveRoot_ST)>
WARNING  zeyrek.rulebasedanalyzer:rulebasedanalyzer.py:57 APPENDING RESULT: <(yanlış_Noun)(-)(yanlış:noun_S + a3sg_S + pnon_S + nom_ST)>
WARNING  zeyrek.rulebasedanalyzer:rulebasedanalyzer.py:57 APPENDING RESULT: <(göndermek_Verb)(-)(gönder:verbRoot_S + di:vPast_S + niz:vA2pl_ST)>
WARNING  zeyrek.rulebasedanalyzer:rulebasedanalyzer.py:57 APPENDING RESULT: <(gönder_Noun)(-)(gönder:noun_S + a3sg_S + pnon_S + nom_ST + nounZeroDeriv_S + nVerb_S + di:nPast_S + niz:nA2pl_ST)>
___________________________ test_contact_info_query ____________________________

client = <starlette.testclient.TestClient object at 0x11e199370>

    def test_contact_info_query(client):
        """İletişim bilgileri sorgulama testi."""
        response = client.post(
            "/process_query/",
            json={"query": "Size nasıl ulaşabilirim?", "tenant_id": 1}
        )
        assert response.status_code == 200
        data = response.json()
>       assert data["detected_intent"] == "tel_no_sorma"
E       AssertionError: assert 'kapsam_disi' == 'tel_no_sorma'
E         
E         - tel_no_sorma
E         + kapsam_disi

tests/test_comprehensive_scenarios.py:296: AssertionError
------------------------------ Captured log call -------------------------------
WARNING  zeyrek.rulebasedanalyzer:rulebasedanalyzer.py:57 APPENDING RESULT: <(siz_Pron_Pers)(-)(siz:pronPers_S + pA2pl_S + pPnon_S + e:pDat_ST)>
WARNING  zeyrek.rulebasedanalyzer:rulebasedanalyzer.py:57 APPENDING RESULT: <(Size_Noun_Prop)(-)(size:nounProper_S + a3sg_S + pnon_S + nom_ST)>
WARNING  zeyrek.rulebasedanalyzer:rulebasedanalyzer.py:57 APPENDING RESULT: <(ulaşmak_Verb)(-)(ulaş:verbRoot_S + abil:vAble_S + verbRoot_S + ir:vAor_S + im:vA1sg_ST)>
WARNING  zeyrek.rulebasedanalyzer:rulebasedanalyzer.py:57 APPENDING RESULT: <(U_Noun_Abbrv)(-)(u:nounAbbrv_S + a3sg_S + pnon_S + nom_ST + laş:become_S + verbRoot_S + abil:vAble_S + verbRoot_S + ir:vAor_S + im:vA1sg_ST)>
____________________________ test_quality_complaint ____________________________

client = <starlette.testclient.TestClient object at 0x11e199370>

    def test_quality_complaint(client):
        """Kalite şikayeti testi."""
        response = client.post(
            "/process_query/",
            json={"query": "Ürün kalitesinden memnun kalmadım.", "tenant_id": 1}
        )
        assert response.status_code == 200
        data = response.json()
>       assert data["detected_intent"] in ["iade_sorgulama", "musteri_hizmetlerine_baglanma"]
E       AssertionError: assert 'kapsam_disi' in ['iade_sorgulama', 'musteri_hizmetlerine_baglanma']

tests/test_comprehensive_scenarios.py:306: AssertionError
------------------------------ Captured log call -------------------------------
WARNING  zeyrek.rulebasedanalyzer:rulebasedanalyzer.py:57 APPENDING RESULT: <(kalite_Noun)(-)(kalite:noun_S + a3sg_S + si:p3sg_S + nden:abl_ST)>
WARNING  zeyrek.rulebasedanalyzer:rulebasedanalyzer.py:57 APPENDING RESULT: <(kalite_Adj)(-)(kalite:adjectiveRoot_ST + adjZeroDeriv_S + noun_S + a3sg_S + si:p3sg_S + nden:abl_ST)>
WARNING  zeyrek.rulebasedanalyzer:rulebasedanalyzer.py:57 APPENDING RESULT: <(memnun_Adv)(-)(memnun:advRoot_ST)>
WARNING  zeyrek.rulebasedanalyzer:rulebasedanalyzer.py:57 APPENDING RESULT: <(memnun_Adj)(-)(memnun:adjectiveRoot_ST)>
WARNING  zeyrek.rulebasedanalyzer:rulebasedanalyzer.py:57 APPENDING RESULT: <(Memnun_Noun_Prop)(-)(memnun:nounProper_S + a3sg_S + pnon_S + nom_ST)>
WARNING  zeyrek.rulebasedanalyzer:rulebasedanalyzer.py:57 APPENDING RESULT: <(memnu_Adj)(-)(memnu:adjectiveRoot_ST + adjZeroDeriv_S + noun_S + a3sg_S + n:p2sg_S + nom_ST)>
WARNING  zeyrek.rulebasedanalyzer:rulebasedanalyzer.py:57 APPENDING RESULT: <(kalmak_Verb)(-)(kal:verbRoot_S + ma:vNeg_S + dı:vPast_S + m:vA1sg_ST)>
_________________________ test_lingerie_support_query __________________________

client = <starlette.testclient.TestClient object at 0x11e199370>

    def test_lingerie_support_query(client):
        """İç giyim destek sorgulama testi."""
        response = client.post(
            "/process_query/",
            json={"query": "Bu sütyenin destekli mi?", "tenant_id": 1}
        )
        assert response.status_code == 200
        data = response.json()
>       assert data["detected_intent"] == "ürün_bilgisi_sorma"
E       AssertionError: assert 'kapsam_disi' == 'ürün_bilgisi_sorma'
E         
E         - ürün_bilgisi_sorma
E         + kapsam_disi

tests/test_comprehensive_scenarios.py:435: AssertionError
------------------------------ Captured log call -------------------------------
WARNING  zeyrek.rulebasedanalyzer:rulebasedanalyzer.py:57 APPENDING RESULT: <(sütyen_Noun)(-)(sütyen:noun_S + a3sg_S + pnon_S + in:gen_ST)>
WARNING  zeyrek.rulebasedanalyzer:rulebasedanalyzer.py:57 APPENDING RESULT: <(sütyen_Noun)(-)(sütyen:noun_S + a3sg_S + in:p2sg_S + nom_ST)>
WARNING  zeyrek.rulebasedanalyzer:rulebasedanalyzer.py:57 APPENDING RESULT: <(destek_Noun)(-)(destek:noun_S + a3sg_S + pnon_S + nom_ST + li:with_S + adjectiveRoot_ST)>
___________________________ test_plus_size_fit_query ___________________________

client = <starlette.testclient.TestClient object at 0x11e199370>

    def test_plus_size_fit_query(client):
        """Büyük beden kalıp sorgulama testi."""
        response = client.post(
            "/process_query/",
            json={"query": "Bu büyük beden tunik esnek mi?", "tenant_id": 1}
        )
        assert response.status_code == 200
        data = response.json()
>       assert data["detected_intent"] == "ürün_bilgisi_sorma"
E       AssertionError: assert 'kapsam_disi' == 'ürün_bilgisi_sorma'
E         
E         - ürün_bilgisi_sorma
E         + kapsam_disi

tests/test_comprehensive_scenarios.py:459: AssertionError
------------------------------ Captured log call -------------------------------
WARNING  zeyrek.rulebasedanalyzer:rulebasedanalyzer.py:57 APPENDING RESULT: <(büyük_Adj)(-)(büyük:adjectiveRoot_ST)>
WARNING  zeyrek.rulebasedanalyzer:rulebasedanalyzer.py:57 APPENDING RESULT: <(büyük_Noun)(-)(büyük:noun_S + a3sg_S + pnon_S + nom_ST)>
WARNING  zeyrek.rulebasedanalyzer:rulebasedanalyzer.py:57 APPENDING RESULT: <(Büyük_Noun_Prop)(-)(büyük:nounProper_S + a3sg_S + pnon_S + nom_ST)>
WARNING  zeyrek.rulebasedanalyzer:rulebasedanalyzer.py:57 APPENDING RESULT: <(Tunik_Noun_Prop)(-)(tunik:nounProper_S + a3sg_S + pnon_S + nom_ST)>
WARNING  zeyrek.rulebasedanalyzer:rulebasedanalyzer.py:57 APPENDING RESULT: <(tunik_Noun)(-)(tunik:noun_S + a3sg_S + pnon_S + nom_ST)>
WARNING  zeyrek.rulebasedanalyzer:rulebasedanalyzer.py:57 APPENDING RESULT: <(esnek_Adj)(-)(esnek:adjectiveRoot_ST)>
___________________________ test_plus_size_max_query ___________________________

client = <starlette.testclient.TestClient object at 0x11e199370>

    def test_plus_size_max_query(client):
        """Büyük beden maksimum sorgulama testi."""
        response = client.post(
            "/process_query/",
            json={"query": "Bu modelin en büyük bedeni nedir?", "tenant_id": 1}
        )
        assert response.status_code == 200
        data = response.json()
>       assert data["detected_intent"] == "stok_sorgulama"
E       AssertionError: assert 'ürün_bilgisi_sorma' == 'stok_sorgulama'
E         
E         - stok_sorgulama
E         + ürün_bilgisi_sorma

tests/test_comprehensive_scenarios.py:469: AssertionError
------------------------------ Captured log call -------------------------------
WARNING  zeyrek.rulebasedanalyzer:rulebasedanalyzer.py:57 APPENDING RESULT: <(en_Adv)(-)(en:advRoot_ST)>
WARNING  zeyrek.rulebasedanalyzer:rulebasedanalyzer.py:57 APPENDING RESULT: <(en_Noun)(-)(en:noun_S + a3sg_S + pnon_S + nom_ST)>
WARNING  zeyrek.rulebasedanalyzer:rulebasedanalyzer.py:57 APPENDING RESULT: <(büyük_Adj)(-)(büyük:adjectiveRoot_ST)>
WARNING  zeyrek.rulebasedanalyzer:rulebasedanalyzer.py:57 APPENDING RESULT: <(büyük_Noun)(-)(büyük:noun_S + a3sg_S + pnon_S + nom_ST)>
WARNING  zeyrek.rulebasedanalyzer:rulebasedanalyzer.py:57 APPENDING RESULT: <(Büyük_Noun_Prop)(-)(büyük:nounProper_S + a3sg_S + pnon_S + nom_ST)>
___________________________ test_modest_length_query ___________________________

client = <starlette.testclient.TestClient object at 0x11e199370>

    def test_modest_length_query(client):
        """Tesettür giyim boy sorgulama testi."""
        response = client.post(
            "/process_query/",
            json={"query": "Tesettür elbisenin boyu kaç cm?", "tenant_id": 1}
        )
        assert response.status_code == 200
        data = response.json()
>       assert data["detected_intent"] == "ürün_bilgisi_sorma"
E       AssertionError: assert 'fiyat_sorgulama' == 'ürün_bilgisi_sorma'
E         
E         - ürün_bilgisi_sorma
E         + fiyat_sorgulama

tests/test_comprehensive_scenarios.py:483: AssertionError
------------------------------ Captured log call -------------------------------
WARNING  zeyrek.rulebasedanalyzer:rulebasedanalyzer.py:57 APPENDING RESULT: <(tesettür_Noun)(-)(tesettür:noun_S + a3sg_S + pnon_S + nom_ST)>
WARNING  zeyrek.rulebasedanalyzer:rulebasedanalyzer.py:57 APPENDING RESULT: <(elbise_Noun)(-)(elbise:noun_S + a3sg_S + pnon_S + nin:gen_ST)>
WARNING  zeyrek.rulebasedanalyzer:rulebasedanalyzer.py:57 APPENDING RESULT: <(elbise_Noun)(-)(elbise:noun_S + a3sg_S + n:p2sg_S + in:gen_ST)>
WARNING  zeyrek.rulebasedanalyzer:rulebasedanalyzer.py:57 APPENDING RESULT: <(boy_Noun)(-)(boy:noun_S + a3sg_S + pnon_S + u:acc_ST)>
WARNING  zeyrek.rulebasedanalyzer:rulebasedanalyzer.py:57 APPENDING RESULT: <(boy_Noun)(-)(boy:noun_S + a3sg_S + u:p3sg_S + nom_ST)>
WARNING  zeyrek.rulebasedanalyzer:rulebasedanalyzer.py:57 APPENDING RESULT: <(Cm_Noun_Abbrv)(-)(cm:nounAbbrv_S + a3sg_S + pnon_S + nom_ST)>
___________________________ test_modest_fabric_query ___________________________

client = <starlette.testclient.TestClient object at 0x11e199370>

    def test_modest_fabric_query(client):
        """Tesettür giyim kumaş sorgulama testi."""
        response = client.post(
            "/process_query/",
            json={"query": "Bu tuniğin kumaşı iç gösteriyor mu?", "tenant_id": 1}
        )
        assert response.status_code == 200
        data = response.json()
>       assert data["detected_intent"] == "ürün_bilgisi_sorma"
E       AssertionError: assert 'ürün_malzeme_sorma' == 'ürün_bilgisi_sorma'
E         
E         - ürün_bilgisi_sorma
E         + ürün_malzeme_sorma

tests/test_comprehensive_scenarios.py:493: AssertionError
------------------------------ Captured log call -------------------------------
WARNING  zeyrek.rulebasedanalyzer:rulebasedanalyzer.py:57 APPENDING RESULT: <(tunik_Noun)(-)(tuniğ:noun_S + a3sg_S + pnon_S + in:gen_ST)>
WARNING  zeyrek.rulebasedanalyzer:rulebasedanalyzer.py:57 APPENDING RESULT: <(tunik_Noun)(-)(tuniğ:noun_S + a3sg_S + in:p2sg_S + nom_ST)>
WARNING  zeyrek.rulebasedanalyzer:rulebasedanalyzer.py:57 APPENDING RESULT: <(iç_Adj)(-)(iç:adjectiveRoot_ST)>
WARNING  zeyrek.rulebasedanalyzer:rulebasedanalyzer.py:57 APPENDING RESULT: <(içmek_Verb)(-)(iç:verbRoot_S + vImp_S + vA2sg_ST)>
WARNING  zeyrek.rulebasedanalyzer:rulebasedanalyzer.py:57 APPENDING RESULT: <(iç_Noun)(-)(iç:noun_S + a3sg_S + pnon_S + nom_ST)>
WARNING  zeyrek.rulebasedanalyzer:rulebasedanalyzer.py:57 APPENDING RESULT: <(göstermek_Verb)(-)(göster:verbRoot_S + iyor:vProgYor_S + vA3sg_ST)>
_______________________ test_human_representative_query ________________________

client = <starlette.testclient.TestClient object at 0x11e199370>

    def test_human_representative_query(client):
        """İnsan temsilci isteme testi."""
        response = client.post(
            "/process_query/",
            json={"query": "İnsanla konuşmak istiyorum", "tenant_id": 1}
        )
        assert response.status_code == 200
        data = response.json()
>       assert data["detected_intent"] == "musteri_hizmetlerine_baglanma"
E       AssertionError: assert 'kapsam_disi' == 'musteri_hizm...rine_baglanma'
E         
E         - musteri_hizmetlerine_baglanma
E         + kapsam_disi

tests/test_comprehensive_scenarios.py:585: AssertionError
------------------------------ Captured log call -------------------------------
WARNING  zeyrek.rulebasedanalyzer:rulebasedanalyzer.py:57 APPENDING RESULT: <(insan_Noun)(-)(insan:noun_S + lar:a3pl_S + pnon_S + nom_ST)>
WARNING  zeyrek.rulebasedanalyzer:rulebasedanalyzer.py:57 APPENDING RESULT: <(insan_Adj)(-)(insan:adjectiveRoot_ST + adjZeroDeriv_S + nVerb_S + nPresent_S + lar:nA3pl_ST)>
WARNING  zeyrek.rulebasedanalyzer:rulebasedanalyzer.py:57 APPENDING RESULT: <(insan_Adj)(-)(insan:adjectiveRoot_ST + adjZeroDeriv_S + noun_S + lar:a3pl_S + pnon_S + nom_ST)>
WARNING  zeyrek.rulebasedanalyzer:rulebasedanalyzer.py:57 APPENDING RESULT: <(İnsa_Noun_Prop)(-)(insa:nounProper_S + a3sg_S + n:p2sg_S + nom_ST + nounZeroDeriv_S + nVerb_S + nPresent_S + lar:nA3pl_ST)>
WARNING  zeyrek.rulebasedanalyzer:rulebasedanalyzer.py:57 APPENDING RESULT: <(insan_Noun)(-)(insan:noun_S + a3sg_S + pnon_S + nom_ST + nounZeroDeriv_S + nVerb_S + nPresent_S + lar:nA3pl_ST)>
WARNING  zeyrek.rulebasedanalyzer:rulebasedanalyzer.py:57 APPENDING RESULT: <(konuşmak_Verb)(-)(konuş:verbRoot_S + mak:vInf1_S + nounInf1Root_S + a3sgInf1_S + pnonInf1_S + nom_ST)>
WARNING  zeyrek.rulebasedanalyzer:rulebasedanalyzer.py:57 APPENDING RESULT: <(istemek_Verb)(-)(ist:verbRoot_VowelDrop_S + iyor:vProgYor_S + um:vA1sg_ST)>
_ test_deepresearch_customer_qa[Bu pantolonun M bedeni stokta var m\u0131?-Evet, M beden stokta mevcut.-False] _

client = <starlette.testclient.TestClient object at 0x11e199370>
query = 'Bu pantolonun M bedeni stokta var mı?'
expected_response = 'Evet, M beden stokta mevcut.', clarification_needed = False

    @pytest.mark.parametrize("query,expected_response,clarification_needed", [
        ("Bu pantolonun M bedeni stokta var mı?", "Evet, M beden stokta mevcut.", False),
        ("36 beden kaldı mı bu elbiseden?", "Maalesef, 36 beden tükendi.", False),
        ("Gömlek stokda varmı?", "Evet, stokta var.", False),
        ("Bu ceket hâlâ var mı stokta?", "Evet, ürün stokta var.", False),
        ("Bu elbisenin fiyatı ne kadar?", "Fiyatı 350 TL.", False),
        ("Fiyat?", None, True),
        ("mrb bu ürünün fiyatı ne kdr", "Merhaba, ürünün fiyatı 150 TL.", False),
        ("Kaç para bu?", "Bu ürün 100 TL.", False),
        ("L beden var mı?", "Evet, L beden stokta var.", False),
        ("XL gelecek mi yine?", "Şu an XL beden yok, önümüzdeki hafta stokta olacak.", False),
        ("Bedenler normal mi, kalıbı dar mı?", "Ürün kalıbı normal, kendi bedeninizi tercih edebilirsiniz.", False),
        ("Beden tablosu var mı?", "Evet, beden tablosu sitemizde mevcuttur.", False),
        ("Bu modelin başka rengi var mı?", "Evet, bu modelin kırmızı ve mavi renkleri mevcut.", False),
        ("Kırmızı rengi gelecek mi?", "Evet, kırmızı rengi yakında stoklarımıza ekleyeceğiz.", False),
        ("Bu elbisenin siyahı var mı?", "Maalesef, bu modelin siyah rengi yok.", False),
        ("Elbisenin kumaşı nedir?", "Kumaşı %100 pamuktur.", False),
        ("Bu pantolon pamuk mu?", "Pantolonun kumaşı pamuk ve elastan karışımı.", False),
        ("Markası ne bunun?", "Butiğimizin kendi tasarımıdır.", False),
        ("Bu ürün orijinal mi?", "Evet, tüm ürünlerimiz orijinaldir.", False),
        ("İade var mı?", "Evet, teslimattan sonra 14 gün iade süremiz var.", False),
        ("Kaç günde iade edebilirim?", "Teslim aldıktan sonra 14 gün içinde iade edebilirsiniz.", False),
        ("Değişim yapıyor musunuz?", "Evet, 14 gün içinde değişim yapabilirsiniz.", False),
        ("İndirimli ürünlerde iade oluyor mu?", "Evet, indirimli ürünleri de 14 gün içinde iade edebilirsiniz.", False),
        ("Mağazanız var mı, adresiniz nedir?", "Evet, mağazamız var. Adresimiz: İstanbul, Kadıköy, Bahariye Caddesi No: 10.", False),
        ("Telefon numaranızı alabilir miyim?", "Müşteri hizmetleri numaramız: 0 (212) 345 67 89.", False),
        ("Hangi ödeme yöntemleri mevcut?", "Kredi kartı, banka havalesi ve kapıda ödeme seçeneklerimiz var.", False),
        ("Kapıda ödeme var mı?", "Evet, kapıda nakit veya kartla ödeme yapabilirsiniz.", False),
        ("Kredi kartına taksit yapıyor musunuz?", "Evet, kredi kartına 3 taksit imkanı var.", False),
        ("Kargo ücreti ne kadar?", "Kargo ücreti sabit 20 TL'dir.", False),
        ("Kargo kaç günde gelir?", "Kargoya verildikten sonra 2-3 gün içinde teslim edilir.", False),
        ("Ücretsiz kargo var mı?", "Evet, 300 TL ve üzeri siparişlerde kargo ücretsiz.", False),
        ("Yurt dışına gönderim var mı?", "Evet, yurt dışına da gönderim yapıyoruz.", False),
        ("Hangi kargo ile çalışıyorsunuz?", "Yurtiçi Kargo ile çalışıyoruz.", False),
        ("Şu an bir kampanya var mı?", "Evet, şu an tüm ürünlerde %10 indirim kampanyamız var.", False),
        ("İndirim kodu var mı?", "Maalesef, şu an geçerli bir indirim kodumuz yok.", False),
        ("3 al 2 öde kampanyanız var mı?", "Maalesef, 3 al 2 öde kampanyamız bulunmuyor.", False),
        ("İlk alışverişe indirim var mı?", "Evet, ilk alışverişinizde %5 indirim uyguluyoruz.", False),
        ("Anneme hediye için ne önerirsiniz?", "Elbise veya şık bir şal hediye için uygun olabilir.", False),
        ("Eşime pijama almak istiyorum, öneriniz var mı?", "Pamuklu pijama takımlarımız hediye için ideal olacaktır.", False),
        ("Bu pantolonun yanına hangi gömlek gider?", "Beyaz veya siyah bir gömlek bu pantolonla uyumlu olur.", False),
        ("Müşteri temsilcisine bağlar mısınız?", "Tabii, hemen bağlıyorum.", False),
        ("Bir yetkiliyle görüşmek istiyorum.", "Elbette, sizi hemen yetkiliye aktarıyorum.", False),
        ("Siparişim eksik geldi.", "Yaşanan eksiklik için özür dileriz, hemen yetkiliye aktarıyorum.", False),
        ("Aynı gün iki sipariş verdim, birleştirilsin.", "Elbette, iki siparişinizi tek pakette birleştiriyoruz.", False),
        ("Kargom hâlâ gelmedi.", "Gecikme için üzgünüz. Takip kodunuzu paylaşırsanız hemen kontrol edelim.", False),
        ("Siparişimi iptal etmek istiyorum.", "Tamam, iptal talebinizi alıyorum ve işleme koyuyorum.", False),
        ("Elbisenin bedeni olmadı. Değişim veya iade yapabilir miyim?", "Evet, ürünü 14 gün içinde iade edebilir veya farklı bedenle değiştirebilirsiniz.", False),
        ("Yanlış ürün gönderdiniz!", "Yaşanan karışıklık için özür dileriz, doğru ürünü göndermek üzere hemen işlem yapıyoruz.", False),
        ("Ürün defolu çıktı, iade istiyorum.", "Özür dileriz. Defolu ürünü ücretsiz iade alabiliriz, hemen yardımcı oluyoruz.", False),
        ("İç çamaşırı iade edilebilir mi?", "Maalesef, hijyen nedeniyle iç çamaşırı ürünlerinde iade veya değişim yapamıyoruz.", False),
        ("85C sütyen var mı?", "Evet, 85C beden sütyen stoklarımızda mevcut.", False),
        ("Boxer satıyor musunuz?", "Evet, erkek boxer modellerimiz mevcuttur.", False),
        ("Pijama var mı?", "Evet, çeşitli pijama modellerimiz var.", False),
        ("Çorap var mı sizde?", "Evet, farklı renk ve desende çoraplarımız bulunuyor.", False),
        ("Instagram'da paylaştığınız kırmızı elbisenin linkini atar mısınız?", "Tabii, ilgili ürünün satış linkini paylaşıyorum: [URL]", False),
        ("36 beden var mı? Fiyatı ne kadar? Kargo ücreti ne kadar?", "36 beden stokta mevcut. Fiyatı 250 TL. Kargo ücreti 20 TL.", False),
        ("slm kargo kac gun surer", "Merhaba, kargo genellikle 2-3 günde teslim edilir.", False),
        ("mrb bu ürünün fiyatı ne kdr", "Merhaba, ürünün fiyatı 180 TL.", False),
        ("baska renk varmi", "Bu ürünün başka rengi bulunmuyor.", False),
        ("Fiyat??", None, True),
    ])
    def test_deepresearch_customer_qa(client, query, expected_response, clarification_needed):
        """
        Kullanıcının deep research tablosundaki müşteri soruları için chatbotun doğru cevabı döndürüp döndürmediğini test eder.
        Netleştirme gereken sorularda, chatbotun uygun netleştirme sorusu sorduğu kontrol edilir.
        """
        response = client.post(
            "/process_query/",
            json={"query": query, "tenant_id": 1}
        )
        assert response.status_code == 200
        data = response.json()
        answer = data.get("answer") or data.get("response") or data.get("message")
        if clarification_needed:
            # Netleştirme beklenen sorularda, chatbotun netleştirme sorusu sorduğu kontrol edilir
            assert re.search(r'(hangi|lütfen|ürün adı|ürünü belirt|ürünü paylaş|ürün bilgisi|ürün linki|ürün kodu)', answer.lower()), f"Netleştirme bekleniyordu, cevap: {answer}"
        else:
            # Cevap tam eşleşmeli veya çok yakın olmalı
>           assert expected_response.lower().strip('.') in answer.lower(), f"Beklenen: {expected_response}, Gelen: {answer}"
E           AttributeError: 'NoneType' object has no attribute 'lower'

tests/test_comprehensive_scenarios.py:805: AttributeError
_ test_deepresearch_customer_qa[36 beden kald\u0131 m\u0131 bu elbiseden?-Maalesef, 36 beden t\xfckendi.-False] _

client = <starlette.testclient.TestClient object at 0x11e199370>
query = '36 beden kaldı mı bu elbiseden?'
expected_response = 'Maalesef, 36 beden tükendi.', clarification_needed = False

    @pytest.mark.parametrize("query,expected_response,clarification_needed", [
        ("Bu pantolonun M bedeni stokta var mı?", "Evet, M beden stokta mevcut.", False),
        ("36 beden kaldı mı bu elbiseden?", "Maalesef, 36 beden tükendi.", False),
        ("Gömlek stokda varmı?", "Evet, stokta var.", False),
        ("Bu ceket hâlâ var mı stokta?", "Evet, ürün stokta var.", False),
        ("Bu elbisenin fiyatı ne kadar?", "Fiyatı 350 TL.", False),
        ("Fiyat?", None, True),
        ("mrb bu ürünün fiyatı ne kdr", "Merhaba, ürünün fiyatı 150 TL.", False),
        ("Kaç para bu?", "Bu ürün 100 TL.", False),
        ("L beden var mı?", "Evet, L beden stokta var.", False),
        ("XL gelecek mi yine?", "Şu an XL beden yok, önümüzdeki hafta stokta olacak.", False),
        ("Bedenler normal mi, kalıbı dar mı?", "Ürün kalıbı normal, kendi bedeninizi tercih edebilirsiniz.", False),
        ("Beden tablosu var mı?", "Evet, beden tablosu sitemizde mevcuttur.", False),
        ("Bu modelin başka rengi var mı?", "Evet, bu modelin kırmızı ve mavi renkleri mevcut.", False),
        ("Kırmızı rengi gelecek mi?", "Evet, kırmızı rengi yakında stoklarımıza ekleyeceğiz.", False),
        ("Bu elbisenin siyahı var mı?", "Maalesef, bu modelin siyah rengi yok.", False),
        ("Elbisenin kumaşı nedir?", "Kumaşı %100 pamuktur.", False),
        ("Bu pantolon pamuk mu?", "Pantolonun kumaşı pamuk ve elastan karışımı.", False),
        ("Markası ne bunun?", "Butiğimizin kendi tasarımıdır.", False),
        ("Bu ürün orijinal mi?", "Evet, tüm ürünlerimiz orijinaldir.", False),
        ("İade var mı?", "Evet, teslimattan sonra 14 gün iade süremiz var.", False),
        ("Kaç günde iade edebilirim?", "Teslim aldıktan sonra 14 gün içinde iade edebilirsiniz.", False),
        ("Değişim yapıyor musunuz?", "Evet, 14 gün içinde değişim yapabilirsiniz.", False),
        ("İndirimli ürünlerde iade oluyor mu?", "Evet, indirimli ürünleri de 14 gün içinde iade edebilirsiniz.", False),
        ("Mağazanız var mı, adresiniz nedir?", "Evet, mağazamız var. Adresimiz: İstanbul, Kadıköy, Bahariye Caddesi No: 10.", False),
        ("Telefon numaranızı alabilir miyim?", "Müşteri hizmetleri numaramız: 0 (212) 345 67 89.", False),
        ("Hangi ödeme yöntemleri mevcut?", "Kredi kartı, banka havalesi ve kapıda ödeme seçeneklerimiz var.", False),
        ("Kapıda ödeme var mı?", "Evet, kapıda nakit veya kartla ödeme yapabilirsiniz.", False),
        ("Kredi kartına taksit yapıyor musunuz?", "Evet, kredi kartına 3 taksit imkanı var.", False),
        ("Kargo ücreti ne kadar?", "Kargo ücreti sabit 20 TL'dir.", False),
        ("Kargo kaç günde gelir?", "Kargoya verildikten sonra 2-3 gün içinde teslim edilir.", False),
        ("Ücretsiz kargo var mı?", "Evet, 300 TL ve üzeri siparişlerde kargo ücretsiz.", False),
        ("Yurt dışına gönderim var mı?", "Evet, yurt dışına da gönderim yapıyoruz.", False),
        ("Hangi kargo ile çalışıyorsunuz?", "Yurtiçi Kargo ile çalışıyoruz.", False),
        ("Şu an bir kampanya var mı?", "Evet, şu an tüm ürünlerde %10 indirim kampanyamız var.", False),
        ("İndirim kodu var mı?", "Maalesef, şu an geçerli bir indirim kodumuz yok.", False),
        ("3 al 2 öde kampanyanız var mı?", "Maalesef, 3 al 2 öde kampanyamız bulunmuyor.", False),
        ("İlk alışverişe indirim var mı?", "Evet, ilk alışverişinizde %5 indirim uyguluyoruz.", False),
        ("Anneme hediye için ne önerirsiniz?", "Elbise veya şık bir şal hediye için uygun olabilir.", False),
        ("Eşime pijama almak istiyorum, öneriniz var mı?", "Pamuklu pijama takımlarımız hediye için ideal olacaktır.", False),
        ("Bu pantolonun yanına hangi gömlek gider?", "Beyaz veya siyah bir gömlek bu pantolonla uyumlu olur.", False),
        ("Müşteri temsilcisine bağlar mısınız?", "Tabii, hemen bağlıyorum.", False),
        ("Bir yetkiliyle görüşmek istiyorum.", "Elbette, sizi hemen yetkiliye aktarıyorum.", False),
        ("Siparişim eksik geldi.", "Yaşanan eksiklik için özür dileriz, hemen yetkiliye aktarıyorum.", False),
        ("Aynı gün iki sipariş verdim, birleştirilsin.", "Elbette, iki siparişinizi tek pakette birleştiriyoruz.", False),
        ("Kargom hâlâ gelmedi.", "Gecikme için üzgünüz. Takip kodunuzu paylaşırsanız hemen kontrol edelim.", False),
        ("Siparişimi iptal etmek istiyorum.", "Tamam, iptal talebinizi alıyorum ve işleme koyuyorum.", False),
        ("Elbisenin bedeni olmadı. Değişim veya iade yapabilir miyim?", "Evet, ürünü 14 gün içinde iade edebilir veya farklı bedenle değiştirebilirsiniz.", False),
        ("Yanlış ürün gönderdiniz!", "Yaşanan karışıklık için özür dileriz, doğru ürünü göndermek üzere hemen işlem yapıyoruz.", False),
        ("Ürün defolu çıktı, iade istiyorum.", "Özür dileriz. Defolu ürünü ücretsiz iade alabiliriz, hemen yardımcı oluyoruz.", False),
        ("İç çamaşırı iade edilebilir mi?", "Maalesef, hijyen nedeniyle iç çamaşırı ürünlerinde iade veya değişim yapamıyoruz.", False),
        ("85C sütyen var mı?", "Evet, 85C beden sütyen stoklarımızda mevcut.", False),
        ("Boxer satıyor musunuz?", "Evet, erkek boxer modellerimiz mevcuttur.", False),
        ("Pijama var mı?", "Evet, çeşitli pijama modellerimiz var.", False),
        ("Çorap var mı sizde?", "Evet, farklı renk ve desende çoraplarımız bulunuyor.", False),
        ("Instagram'da paylaştığınız kırmızı elbisenin linkini atar mısınız?", "Tabii, ilgili ürünün satış linkini paylaşıyorum: [URL]", False),
        ("36 beden var mı? Fiyatı ne kadar? Kargo ücreti ne kadar?", "36 beden stokta mevcut. Fiyatı 250 TL. Kargo ücreti 20 TL.", False),
        ("slm kargo kac gun surer", "Merhaba, kargo genellikle 2-3 günde teslim edilir.", False),
        ("mrb bu ürünün fiyatı ne kdr", "Merhaba, ürünün fiyatı 180 TL.", False),
        ("baska renk varmi", "Bu ürünün başka rengi bulunmuyor.", False),
        ("Fiyat??", None, True),
    ])
    def test_deepresearch_customer_qa(client, query, expected_response, clarification_needed):
        """
        Kullanıcının deep research tablosundaki müşteri soruları için chatbotun doğru cevabı döndürüp döndürmediğini test eder.
        Netleştirme gereken sorularda, chatbotun uygun netleştirme sorusu sorduğu kontrol edilir.
        """
        response = client.post(
            "/process_query/",
            json={"query": query, "tenant_id": 1}
        )
        assert response.status_code == 200
        data = response.json()
        answer = data.get("answer") or data.get("response") or data.get("message")
        if clarification_needed:
            # Netleştirme beklenen sorularda, chatbotun netleştirme sorusu sorduğu kontrol edilir
            assert re.search(r'(hangi|lütfen|ürün adı|ürünü belirt|ürünü paylaş|ürün bilgisi|ürün linki|ürün kodu)', answer.lower()), f"Netleştirme bekleniyordu, cevap: {answer}"
        else:
            # Cevap tam eşleşmeli veya çok yakın olmalı
>           assert expected_response.lower().strip('.') in answer.lower(), f"Beklenen: {expected_response}, Gelen: {answer}"
E           AttributeError: 'NoneType' object has no attribute 'lower'

tests/test_comprehensive_scenarios.py:805: AttributeError
------------------------------ Captured log call -------------------------------
WARNING  zeyrek.rulebasedanalyzer:rulebasedanalyzer.py:57 APPENDING RESULT: <(elbise_Noun)(-)(elbise:noun_S + a3sg_S + pnon_S + den:abl_ST)>
_ test_deepresearch_customer_qa[G\xf6mlek stokda varm\u0131?-Evet, stokta var.-False] _

client = <starlette.testclient.TestClient object at 0x11e199370>
query = 'Gömlek stokda varmı?', expected_response = 'Evet, stokta var.'
clarification_needed = False

    @pytest.mark.parametrize("query,expected_response,clarification_needed", [
        ("Bu pantolonun M bedeni stokta var mı?", "Evet, M beden stokta mevcut.", False),
        ("36 beden kaldı mı bu elbiseden?", "Maalesef, 36 beden tükendi.", False),
        ("Gömlek stokda varmı?", "Evet, stokta var.", False),
        ("Bu ceket hâlâ var mı stokta?", "Evet, ürün stokta var.", False),
        ("Bu elbisenin fiyatı ne kadar?", "Fiyatı 350 TL.", False),
        ("Fiyat?", None, True),
        ("mrb bu ürünün fiyatı ne kdr", "Merhaba, ürünün fiyatı 150 TL.", False),
        ("Kaç para bu?", "Bu ürün 100 TL.", False),
        ("L beden var mı?", "Evet, L beden stokta var.", False),
        ("XL gelecek mi yine?", "Şu an XL beden yok, önümüzdeki hafta stokta olacak.", False),
        ("Bedenler normal mi, kalıbı dar mı?", "Ürün kalıbı normal, kendi bedeninizi tercih edebilirsiniz.", False),
        ("Beden tablosu var mı?", "Evet, beden tablosu sitemizde mevcuttur.", False),
        ("Bu modelin başka rengi var mı?", "Evet, bu modelin kırmızı ve mavi renkleri mevcut.", False),
        ("Kırmızı rengi gelecek mi?", "Evet, kırmızı rengi yakında stoklarımıza ekleyeceğiz.", False),
        ("Bu elbisenin siyahı var mı?", "Maalesef, bu modelin siyah rengi yok.", False),
        ("Elbisenin kumaşı nedir?", "Kumaşı %100 pamuktur.", False),
        ("Bu pantolon pamuk mu?", "Pantolonun kumaşı pamuk ve elastan karışımı.", False),
        ("Markası ne bunun?", "Butiğimizin kendi tasarımıdır.", False),
        ("Bu ürün orijinal mi?", "Evet, tüm ürünlerimiz orijinaldir.", False),
        ("İade var mı?", "Evet, teslimattan sonra 14 gün iade süremiz var.", False),
        ("Kaç günde iade edebilirim?", "Teslim aldıktan sonra 14 gün içinde iade edebilirsiniz.", False),
        ("Değişim yapıyor musunuz?", "Evet, 14 gün içinde değişim yapabilirsiniz.", False),
        ("İndirimli ürünlerde iade oluyor mu?", "Evet, indirimli ürünleri de 14 gün içinde iade edebilirsiniz.", False),
        ("Mağazanız var mı, adresiniz nedir?", "Evet, mağazamız var. Adresimiz: İstanbul, Kadıköy, Bahariye Caddesi No: 10.", False),
        ("Telefon numaranızı alabilir miyim?", "Müşteri hizmetleri numaramız: 0 (212) 345 67 89.", False),
        ("Hangi ödeme yöntemleri mevcut?", "Kredi kartı, banka havalesi ve kapıda ödeme seçeneklerimiz var.", False),
        ("Kapıda ödeme var mı?", "Evet, kapıda nakit veya kartla ödeme yapabilirsiniz.", False),
        ("Kredi kartına taksit yapıyor musunuz?", "Evet, kredi kartına 3 taksit imkanı var.", False),
        ("Kargo ücreti ne kadar?", "Kargo ücreti sabit 20 TL'dir.", False),
        ("Kargo kaç günde gelir?", "Kargoya verildikten sonra 2-3 gün içinde teslim edilir.", False),
        ("Ücretsiz kargo var mı?", "Evet, 300 TL ve üzeri siparişlerde kargo ücretsiz.", False),
        ("Yurt dışına gönderim var mı?", "Evet, yurt dışına da gönderim yapıyoruz.", False),
        ("Hangi kargo ile çalışıyorsunuz?", "Yurtiçi Kargo ile çalışıyoruz.", False),
        ("Şu an bir kampanya var mı?", "Evet, şu an tüm ürünlerde %10 indirim kampanyamız var.", False),
        ("İndirim kodu var mı?", "Maalesef, şu an geçerli bir indirim kodumuz yok.", False),
        ("3 al 2 öde kampanyanız var mı?", "Maalesef, 3 al 2 öde kampanyamız bulunmuyor.", False),
        ("İlk alışverişe indirim var mı?", "Evet, ilk alışverişinizde %5 indirim uyguluyoruz.", False),
        ("Anneme hediye için ne önerirsiniz?", "Elbise veya şık bir şal hediye için uygun olabilir.", False),
        ("Eşime pijama almak istiyorum, öneriniz var mı?", "Pamuklu pijama takımlarımız hediye için ideal olacaktır.", False),
        ("Bu pantolonun yanına hangi gömlek gider?", "Beyaz veya siyah bir gömlek bu pantolonla uyumlu olur.", False),
        ("Müşteri temsilcisine bağlar mısınız?", "Tabii, hemen bağlıyorum.", False),
        ("Bir yetkiliyle görüşmek istiyorum.", "Elbette, sizi hemen yetkiliye aktarıyorum.", False),
        ("Siparişim eksik geldi.", "Yaşanan eksiklik için özür dileriz, hemen yetkiliye aktarıyorum.", False),
        ("Aynı gün iki sipariş verdim, birleştirilsin.", "Elbette, iki siparişinizi tek pakette birleştiriyoruz.", False),
        ("Kargom hâlâ gelmedi.", "Gecikme için üzgünüz. Takip kodunuzu paylaşırsanız hemen kontrol edelim.", False),
        ("Siparişimi iptal etmek istiyorum.", "Tamam, iptal talebinizi alıyorum ve işleme koyuyorum.", False),
        ("Elbisenin bedeni olmadı. Değişim veya iade yapabilir miyim?", "Evet, ürünü 14 gün içinde iade edebilir veya farklı bedenle değiştirebilirsiniz.", False),
        ("Yanlış ürün gönderdiniz!", "Yaşanan karışıklık için özür dileriz, doğru ürünü göndermek üzere hemen işlem yapıyoruz.", False),
        ("Ürün defolu çıktı, iade istiyorum.", "Özür dileriz. Defolu ürünü ücretsiz iade alabiliriz, hemen yardımcı oluyoruz.", False),
        ("İç çamaşırı iade edilebilir mi?", "Maalesef, hijyen nedeniyle iç çamaşırı ürünlerinde iade veya değişim yapamıyoruz.", False),
        ("85C sütyen var mı?", "Evet, 85C beden sütyen stoklarımızda mevcut.", False),
        ("Boxer satıyor musunuz?", "Evet, erkek boxer modellerimiz mevcuttur.", False),
        ("Pijama var mı?", "Evet, çeşitli pijama modellerimiz var.", False),
        ("Çorap var mı sizde?", "Evet, farklı renk ve desende çoraplarımız bulunuyor.", False),
        ("Instagram'da paylaştığınız kırmızı elbisenin linkini atar mısınız?", "Tabii, ilgili ürünün satış linkini paylaşıyorum: [URL]", False),
        ("36 beden var mı? Fiyatı ne kadar? Kargo ücreti ne kadar?", "36 beden stokta mevcut. Fiyatı 250 TL. Kargo ücreti 20 TL.", False),
        ("slm kargo kac gun surer", "Merhaba, kargo genellikle 2-3 günde teslim edilir.", False),
        ("mrb bu ürünün fiyatı ne kdr", "Merhaba, ürünün fiyatı 180 TL.", False),
        ("baska renk varmi", "Bu ürünün başka rengi bulunmuyor.", False),
        ("Fiyat??", None, True),
    ])
    def test_deepresearch_customer_qa(client, query, expected_response, clarification_needed):
        """
        Kullanıcının deep research tablosundaki müşteri soruları için chatbotun doğru cevabı döndürüp döndürmediğini test eder.
        Netleştirme gereken sorularda, chatbotun uygun netleştirme sorusu sorduğu kontrol edilir.
        """
        response = client.post(
            "/process_query/",
            json={"query": query, "tenant_id": 1}
        )
        assert response.status_code == 200
        data = response.json()
        answer = data.get("answer") or data.get("response") or data.get("message")
        if clarification_needed:
            # Netleştirme beklenen sorularda, chatbotun netleştirme sorusu sorduğu kontrol edilir
            assert re.search(r'(hangi|lütfen|ürün adı|ürünü belirt|ürünü paylaş|ürün bilgisi|ürün linki|ürün kodu)', answer.lower()), f"Netleştirme bekleniyordu, cevap: {answer}"
        else:
            # Cevap tam eşleşmeli veya çok yakın olmalı
>           assert expected_response.lower().strip('.') in answer.lower(), f"Beklenen: {expected_response}, Gelen: {answer}"
E           AttributeError: 'NoneType' object has no attribute 'lower'

tests/test_comprehensive_scenarios.py:805: AttributeError
------------------------------ Captured log call -------------------------------
WARNING  zeyrek.rulebasedanalyzer:rulebasedanalyzer.py:57 APPENDING RESULT: <(varmak_Verb)(-)(var:verbRoot_S + mış:vNarrPart_S + adjectiveRoot_ST)>
WARNING  zeyrek.rulebasedanalyzer:rulebasedanalyzer.py:57 APPENDING RESULT: <(varmak_Verb)(-)(var:verbRoot_S + mış:vNarr_S + vA3sg_ST)>
WARNING  zeyrek.rulebasedanalyzer:rulebasedanalyzer.py:57 APPENDING RESULT: <(var_Adj)(-)(var:adjectiveRoot_ST + adjZeroDeriv_S + nVerb_S + mış:nNarr_S + nA3sg_ST)>
WARNING  zeyrek.rulebasedanalyzer:rulebasedanalyzer.py:57 APPENDING RESULT: <(var_Noun)(-)(var:noun_S + a3sg_S + pnon_S + nom_ST + nounZeroDeriv_S + nVerb_S + mış:nNarr_S + nA3sg_ST)>
_ test_deepresearch_customer_qa[Bu ceket h\xe2l\xe2 var m\u0131 stokta?-Evet, \xfcr\xfcn stokta var.-False] _

client = <starlette.testclient.TestClient object at 0x11e199370>
query = 'Bu ceket hâlâ var mı stokta?'
expected_response = 'Evet, ürün stokta var.', clarification_needed = False

    @pytest.mark.parametrize("query,expected_response,clarification_needed", [
        ("Bu pantolonun M bedeni stokta var mı?", "Evet, M beden stokta mevcut.", False),
        ("36 beden kaldı mı bu elbiseden?", "Maalesef, 36 beden tükendi.", False),
        ("Gömlek stokda varmı?", "Evet, stokta var.", False),
        ("Bu ceket hâlâ var mı stokta?", "Evet, ürün stokta var.", False),
        ("Bu elbisenin fiyatı ne kadar?", "Fiyatı 350 TL.", False),
        ("Fiyat?", None, True),
        ("mrb bu ürünün fiyatı ne kdr", "Merhaba, ürünün fiyatı 150 TL.", False),
        ("Kaç para bu?", "Bu ürün 100 TL.", False),
        ("L beden var mı?", "Evet, L beden stokta var.", False),
        ("XL gelecek mi yine?", "Şu an XL beden yok, önümüzdeki hafta stokta olacak.", False),
        ("Bedenler normal mi, kalıbı dar mı?", "Ürün kalıbı normal, kendi bedeninizi tercih edebilirsiniz.", False),
        ("Beden tablosu var mı?", "Evet, beden tablosu sitemizde mevcuttur.", False),
        ("Bu modelin başka rengi var mı?", "Evet, bu modelin kırmızı ve mavi renkleri mevcut.", False),
        ("Kırmızı rengi gelecek mi?", "Evet, kırmızı rengi yakında stoklarımıza ekleyeceğiz.", False),
        ("Bu elbisenin siyahı var mı?", "Maalesef, bu modelin siyah rengi yok.", False),
        ("Elbisenin kumaşı nedir?", "Kumaşı %100 pamuktur.", False),
        ("Bu pantolon pamuk mu?", "Pantolonun kumaşı pamuk ve elastan karışımı.", False),
        ("Markası ne bunun?", "Butiğimizin kendi tasarımıdır.", False),
        ("Bu ürün orijinal mi?", "Evet, tüm ürünlerimiz orijinaldir.", False),
        ("İade var mı?", "Evet, teslimattan sonra 14 gün iade süremiz var.", False),
        ("Kaç günde iade edebilirim?", "Teslim aldıktan sonra 14 gün içinde iade edebilirsiniz.", False),
        ("Değişim yapıyor musunuz?", "Evet, 14 gün içinde değişim yapabilirsiniz.", False),
        ("İndirimli ürünlerde iade oluyor mu?", "Evet, indirimli ürünleri de 14 gün içinde iade edebilirsiniz.", False),
        ("Mağazanız var mı, adresiniz nedir?", "Evet, mağazamız var. Adresimiz: İstanbul, Kadıköy, Bahariye Caddesi No: 10.", False),
        ("Telefon numaranızı alabilir miyim?", "Müşteri hizmetleri numaramız: 0 (212) 345 67 89.", False),
        ("Hangi ödeme yöntemleri mevcut?", "Kredi kartı, banka havalesi ve kapıda ödeme seçeneklerimiz var.", False),
        ("Kapıda ödeme var mı?", "Evet, kapıda nakit veya kartla ödeme yapabilirsiniz.", False),
        ("Kredi kartına taksit yapıyor musunuz?", "Evet, kredi kartına 3 taksit imkanı var.", False),
        ("Kargo ücreti ne kadar?", "Kargo ücreti sabit 20 TL'dir.", False),
        ("Kargo kaç günde gelir?", "Kargoya verildikten sonra 2-3 gün içinde teslim edilir.", False),
        ("Ücretsiz kargo var mı?", "Evet, 300 TL ve üzeri siparişlerde kargo ücretsiz.", False),
        ("Yurt dışına gönderim var mı?", "Evet, yurt dışına da gönderim yapıyoruz.", False),
        ("Hangi kargo ile çalışıyorsunuz?", "Yurtiçi Kargo ile çalışıyoruz.", False),
        ("Şu an bir kampanya var mı?", "Evet, şu an tüm ürünlerde %10 indirim kampanyamız var.", False),
        ("İndirim kodu var mı?", "Maalesef, şu an geçerli bir indirim kodumuz yok.", False),
        ("3 al 2 öde kampanyanız var mı?", "Maalesef, 3 al 2 öde kampanyamız bulunmuyor.", False),
        ("İlk alışverişe indirim var mı?", "Evet, ilk alışverişinizde %5 indirim uyguluyoruz.", False),
        ("Anneme hediye için ne önerirsiniz?", "Elbise veya şık bir şal hediye için uygun olabilir.", False),
        ("Eşime pijama almak istiyorum, öneriniz var mı?", "Pamuklu pijama takımlarımız hediye için ideal olacaktır.", False),
        ("Bu pantolonun yanına hangi gömlek gider?", "Beyaz veya siyah bir gömlek bu pantolonla uyumlu olur.", False),
        ("Müşteri temsilcisine bağlar mısınız?", "Tabii, hemen bağlıyorum.", False),
        ("Bir yetkiliyle görüşmek istiyorum.", "Elbette, sizi hemen yetkiliye aktarıyorum.", False),
        ("Siparişim eksik geldi.", "Yaşanan eksiklik için özür dileriz, hemen yetkiliye aktarıyorum.", False),
        ("Aynı gün iki sipariş verdim, birleştirilsin.", "Elbette, iki siparişinizi tek pakette birleştiriyoruz.", False),
        ("Kargom hâlâ gelmedi.", "Gecikme için üzgünüz. Takip kodunuzu paylaşırsanız hemen kontrol edelim.", False),
        ("Siparişimi iptal etmek istiyorum.", "Tamam, iptal talebinizi alıyorum ve işleme koyuyorum.", False),
        ("Elbisenin bedeni olmadı. Değişim veya iade yapabilir miyim?", "Evet, ürünü 14 gün içinde iade edebilir veya farklı bedenle değiştirebilirsiniz.", False),
        ("Yanlış ürün gönderdiniz!", "Yaşanan karışıklık için özür dileriz, doğru ürünü göndermek üzere hemen işlem yapıyoruz.", False),
        ("Ürün defolu çıktı, iade istiyorum.", "Özür dileriz. Defolu ürünü ücretsiz iade alabiliriz, hemen yardımcı oluyoruz.", False),
        ("İç çamaşırı iade edilebilir mi?", "Maalesef, hijyen nedeniyle iç çamaşırı ürünlerinde iade veya değişim yapamıyoruz.", False),
        ("85C sütyen var mı?", "Evet, 85C beden sütyen stoklarımızda mevcut.", False),
        ("Boxer satıyor musunuz?", "Evet, erkek boxer modellerimiz mevcuttur.", False),
        ("Pijama var mı?", "Evet, çeşitli pijama modellerimiz var.", False),
        ("Çorap var mı sizde?", "Evet, farklı renk ve desende çoraplarımız bulunuyor.", False),
        ("Instagram'da paylaştığınız kırmızı elbisenin linkini atar mısınız?", "Tabii, ilgili ürünün satış linkini paylaşıyorum: [URL]", False),
        ("36 beden var mı? Fiyatı ne kadar? Kargo ücreti ne kadar?", "36 beden stokta mevcut. Fiyatı 250 TL. Kargo ücreti 20 TL.", False),
        ("slm kargo kac gun surer", "Merhaba, kargo genellikle 2-3 günde teslim edilir.", False),
        ("mrb bu ürünün fiyatı ne kdr", "Merhaba, ürünün fiyatı 180 TL.", False),
        ("baska renk varmi", "Bu ürünün başka rengi bulunmuyor.", False),
        ("Fiyat??", None, True),
    ])
    def test_deepresearch_customer_qa(client, query, expected_response, clarification_needed):
        """
[...]
_______________ test_deepresearch_customer_qa[Fiyat??-None-True] _______________

client = <starlette.testclient.TestClient object at 0x11e199370>
query = 'Fiyat??', expected_response = None, clarification_needed = True

    @pytest.mark.parametrize("query,expected_response,clarification_needed", [
        ("Bu pantolonun M bedeni stokta var mı?", "Evet, M beden stokta mevcut.", False),
        ("36 beden kaldı mı bu elbiseden?", "Maalesef, 36 beden tükendi.", False),
        ("Gömlek stokda varmı?", "Evet, stokta var.", False),
        ("Bu ceket hâlâ var mı stokta?", "Evet, ürün stokta var.", False),
        ("Bu elbisenin fiyatı ne kadar?", "Fiyatı 350 TL.", False),
        ("Fiyat?", None, True),
        ("mrb bu ürünün fiyatı ne kdr", "Merhaba, ürünün fiyatı 150 TL.", False),
        ("Kaç para bu?", "Bu ürün 100 TL.", False),
        ("L beden var mı?", "Evet, L beden stokta var.", False),
        ("XL gelecek mi yine?", "Şu an XL beden yok, önümüzdeki hafta stokta olacak.", False),
        ("Bedenler normal mi, kalıbı dar mı?", "Ürün kalıbı normal, kendi bedeninizi tercih edebilirsiniz.", False),
        ("Beden tablosu var mı?", "Evet, beden tablosu sitemizde mevcuttur.", False),
        ("Bu modelin başka rengi var mı?", "Evet, bu modelin kırmızı ve mavi renkleri mevcut.", False),
        ("Kırmızı rengi gelecek mi?", "Evet, kırmızı rengi yakında stoklarımıza ekleyeceğiz.", False),
        ("Bu elbisenin siyahı var mı?", "Maalesef, bu modelin siyah rengi yok.", False),
        ("Elbisenin kumaşı nedir?", "Kumaşı %100 pamuktur.", False),
        ("Bu pantolon pamuk mu?", "Pantolonun kumaşı pamuk ve elastan karışımı.", False),
        ("Markası ne bunun?", "Butiğimizin kendi tasarımıdır.", False),
        ("Bu ürün orijinal mi?", "Evet, tüm ürünlerimiz orijinaldir.", False),
        ("İade var mı?", "Evet, teslimattan sonra 14 gün iade süremiz var.", False),
        ("Kaç günde iade edebilirim?", "Teslim aldıktan sonra 14 gün içinde iade edebilirsiniz.", False),
        ("Değişim yapıyor musunuz?", "Evet, 14 gün içinde değişim yapabilirsiniz.", False),
        ("İndirimli ürünlerde iade oluyor mu?", "Evet, indirimli ürünleri de 14 gün içinde iade edebilirsiniz.", False),
        ("Mağazanız var mı, adresiniz nedir?", "Evet, mağazamız var. Adresimiz: İstanbul, Kadıköy, Bahariye Caddesi No: 10.", False),
        ("Telefon numaranızı alabilir miyim?", "Müşteri hizmetleri numaramız: 0 (212) 345 67 89.", False),
        ("Hangi ödeme yöntemleri mevcut?", "Kredi kartı, banka havalesi ve kapıda ödeme seçeneklerimiz var.", False),
        ("Kapıda ödeme var mı?", "Evet, kapıda nakit veya kartla ödeme yapabilirsiniz.", False),
        ("Kredi kartına taksit yapıyor musunuz?", "Evet, kredi kartına 3 taksit imkanı var.", False),
        ("Kargo ücreti ne kadar?", "Kargo ücreti sabit 20 TL'dir.", False),
        ("Kargo kaç günde gelir?", "Kargoya verildikten sonra 2-3 gün içinde teslim edilir.", False),
        ("Ücretsiz kargo var mı?", "Evet, 300 TL ve üzeri siparişlerde kargo ücretsiz.", False),
        ("Yurt dışına gönderim var mı?", "Evet, yurt dışına da gönderim yapıyoruz.", False),
        ("Hangi kargo ile çalışıyorsunuz?", "Yurtiçi Kargo ile çalışıyoruz.", False),
        ("Şu an bir kampanya var mı?", "Evet, şu an tüm ürünlerde %10 indirim kampanyamız var.", False),
        ("İndirim kodu var mı?", "Maalesef, şu an geçerli bir indirim kodumuz yok.", False),
        ("3 al 2 öde kampanyanız var mı?", "Maalesef, 3 al 2 öde kampanyamız bulunmuyor.", False),
        ("İlk alışverişe indirim var mı?", "Evet, ilk alışverişinizde %5 indirim uyguluyoruz.", False),
        ("Anneme hediye için ne önerirsiniz?", "Elbise veya şık bir şal hediye için uygun olabilir.", False),
        ("Eşime pijama almak istiyorum, öneriniz var mı?", "Pamuklu pijama takımlarımız hediye için ideal olacaktır.", False),
        ("Bu pantolonun yanına hangi gömlek gider?", "Beyaz veya siyah bir gömlek bu pantolonla uyumlu olur.", False),
        ("Müşteri temsilcisine bağlar mısınız?", "Tabii, hemen bağlıyorum.", False),
        ("Bir yetkiliyle görüşmek istiyorum.", "Elbette, sizi hemen yetkiliye aktarıyorum.", False),
        ("Siparişim eksik geldi.", "Yaşanan eksiklik için özür dileriz, hemen yetkiliye aktarıyorum.", False),
        ("Aynı gün iki sipariş verdim, birleştirilsin.", "Elbette, iki siparişinizi tek pakette birleştiriyoruz.", False),
        ("Kargom hâlâ gelmedi.", "Gecikme için üzgünüz. Takip kodunuzu paylaşırsanız hemen kontrol edelim.", False),
        ("Siparişimi iptal etmek istiyorum.", "Tamam, iptal talebinizi alıyorum ve işleme koyuyorum.", False),
        ("Elbisenin bedeni olmadı. Değişim veya iade yapabilir miyim?", "Evet, ürünü 14 gün içinde iade edebilir veya farklı bedenle değiştirebilirsiniz.", False),
        ("Yanlış ürün gönderdiniz!", "Yaşanan karışıklık için özür dileriz, doğru ürünü göndermek üzere hemen işlem yapıyoruz.", False),
        ("Ürün defolu çıktı, iade istiyorum.", "Özür dileriz. Defolu ürünü ücretsiz iade alabiliriz, hemen yardımcı oluyoruz.", False),
        ("İç çamaşırı iade edilebilir mi?", "Maalesef, hijyen nedeniyle iç çamaşırı ürünlerinde iade veya değişim yapamıyoruz.", False),
        ("85C sütyen var mı?", "Evet, 85C beden sütyen stoklarımızda mevcut.", False),
        ("Boxer satıyor musunuz?", "Evet, erkek boxer modellerimiz mevcuttur.", False),
        ("Pijama var mı?", "Evet, çeşitli pijama modellerimiz var.", False),
        ("Çorap var mı sizde?", "Evet, farklı renk ve desende çoraplarımız bulunuyor.", False),
        ("Instagram'da paylaştığınız kırmızı elbisenin linkini atar mısınız?", "Tabii, ilgili ürünün satış linkini paylaşıyorum: [URL]", False),
        ("36 beden var mı? Fiyatı ne kadar? Kargo ücreti ne kadar?", "36 beden stokta mevcut. Fiyatı 250 TL. Kargo ücreti 20 TL.", False),
        ("slm kargo kac gun surer", "Merhaba, kargo genellikle 2-3 günde teslim edilir.", False),
        ("mrb bu ürünün fiyatı ne kdr", "Merhaba, ürünün fiyatı 180 TL.", False),
        ("baska renk varmi", "Bu ürünün başka rengi bulunmuyor.", False),
        ("Fiyat??", None, True),
    ])
    def test_deepresearch_customer_qa(client, query, expected_response, clarification_needed):
        """
        Kullanıcının deep research tablosundaki müşteri soruları için chatbotun doğru cevabı döndürüp döndürmediğini test eder.
        Netleştirme gereken sorularda, chatbotun uygun netleştirme sorusu sorduğu kontrol edilir.
        """
        response = client.post(
            "/process_query/",
            json={"query": query, "tenant_id": 1}
        )
        assert response.status_code == 200
        data = response.json()
        answer = data.get("answer") or data.get("response") or data.get("message")
        if clarification_needed:
            # Netleştirme beklenen sorularda, chatbotun netleştirme sorusu sorduğu kontrol edilir
>           assert re.search(r'(hangi|lütfen|ürün adı|ürünü belirt|ürünü paylaş|ürün bilgisi|ürün linki|ürün kodu)', answer.lower()), f"Netleştirme bekleniyordu, cevap: {answer}"
E           AttributeError: 'NoneType' object has no attribute 'lower'

tests/test_comprehensive_scenarios.py:802: AttributeError
=========================== short test summary info ============================
FAILED tests/test_comprehensive_scenarios.py::test_new_products_query - Asser...
FAILED tests/test_comprehensive_scenarios.py::test_product_colors_query - Ass...
FAILED tests/test_comprehensive_scenarios.py::test_product_liner_query - Asse...
FAILED tests/test_comprehensive_scenarios.py::test_discount_code_query - Asse...
FAILED tests/test_comprehensive_scenarios.py::test_campaign_query - Assertion...
FAILED tests/test_comprehensive_scenarios.py::test_how_to_order_query - Asser...
FAILED tests/test_comprehensive_scenarios.py::test_order_status_query - Asser...
FAILED tests/test_comprehensive_scenarios.py::test_refund_time_query - Assert...
FAILED tests/test_comprehensive_scenarios.py::test_defective_product_query - ...
FAILED tests/test_comprehensive_scenarios.py::test_size_chart_query - Asserti...
FAILED tests/test_comprehensive_scenarios.py::test_fit_type_query - Assertion...
FAILED tests/test_comprehensive_scenarios.py::test_model_measurements_query
FAILED tests/test_comprehensive_scenarios.py::test_wrong_product_complaint - ...
FAILED tests/test_comprehensive_scenarios.py::test_contact_info_query - Asser...
FAILED tests/test_comprehensive_scenarios.py::test_quality_complaint - Assert...
FAILED tests/test_comprehensive_scenarios.py::test_lingerie_support_query - A...
FAILED tests/test_comprehensive_scenarios.py::test_plus_size_fit_query - Asse...
FAILED tests/test_comprehensive_scenarios.py::test_plus_size_max_query - Asse...
FAILED tests/test_comprehensive_scenarios.py::test_modest_length_query - Asse...
FAILED tests/test_comprehensive_scenarios.py::test_modest_fabric_query - Asse...
FAILED tests/test_comprehensive_scenarios.py::test_human_representative_query
FAILED tests/test_comprehensive_scenarios.py::test_deepresearch_customer_qa[Bu pantolonun M bedeni stokta var m\u0131?-Evet, M beden stokta mevcut.-False]
FAILED tests/test_comprehensive_scenarios.py::test_deepresearch_customer_qa[36 beden kald\u0131 m\u0131 bu elbiseden?-Maalesef, 36 beden t\xfckendi.-False]
FAILED tests/test_comprehensive_scenarios.py::test_deepresearch_customer_qa[G\xf6mlek stokda varm\u0131?-Evet, stokta var.-False]
FAILED tests/test_comprehensive_scenarios.py::test_deepresearch_customer_qa[Bu ceket h\xe2l\xe2 var m\u0131 stokta?-Evet, \xfcr\xfcn stokta var.-False]
FAILED tests/test_comprehensive_scenarios.py::test_deepresearch_customer_qa[Bu elbisenin fiyat\u0131 ne kadar?-Fiyat\u0131 350 TL.-False]
FAILED tests/test_comprehensive_scenarios.py::test_deepresearch_customer_qa[Fiyat?-None-True]
FAILED tests/test_comprehensive_scenarios.py::test_deepresearch_customer_qa[mrb bu \xfcr\xfcn\xfcn fiyat\u0131 ne kdr-Merhaba, \xfcr\xfcn\xfcn fiyat\u0131 150 TL.-False]
FAILED tests/test_comprehensive_scenarios.py::test_deepresearch_customer_qa[Ka\xe7 para bu?-Bu \xfcr\xfcn 100 TL.-False]
FAILED tests/test_comprehensive_scenarios.py::test_deepresearch_customer_qa[L beden var m\u0131?-Evet, L beden stokta var.-False]
FAILED tests/test_comprehensive_scenarios.py::test_deepresearch_customer_qa[XL gelecek mi yine?-\u015eu an XL beden yok, \xf6n\xfcm\xfczdeki hafta stokta olacak.-False]
FAILED tests/test_comprehensive_scenarios.py::test_deepresearch_customer_qa[Bedenler normal mi, kal\u0131b\u0131 dar m\u0131?-\xdcr\xfcn kal\u0131b\u0131 normal, kendi bedeninizi tercih edebilirsiniz.-False]
FAILED tests/test_comprehensive_scenarios.py::test_deepresearch_customer_qa[Beden tablosu var m\u0131?-Evet, beden tablosu sitemizde mevcuttur.-False]
FAILED tests/test_comprehensive_scenarios.py::test_deepresearch_customer_qa[Bu modelin ba\u015fka rengi var m\u0131?-Evet, bu modelin k\u0131rm\u0131z\u0131 ve mavi renkleri mevcut.-False]
FAILED tests/test_comprehensive_scenarios.py::test_deepresearch_customer_qa[K\u0131rm\u0131z\u0131 rengi gelecek mi?-Evet, k\u0131rm\u0131z\u0131 rengi yak\u0131nda stoklar\u0131m\u0131za ekleyece\u011fiz.-False]
FAILED tests/test_comprehensive_scenarios.py::test_deepresearch_customer_qa[Bu elbisenin siyah\u0131 var m\u0131?-Maalesef, bu modelin siyah rengi yok.-False]
FAILED tests/test_comprehensive_scenarios.py::test_deepresearch_customer_qa[Elbisenin kuma\u015f\u0131 nedir?-Kuma\u015f\u0131 %100 pamuktur.-False]
FAILED tests/test_comprehensive_scenarios.py::test_deepresearch_customer_qa[Bu pantolon pamuk mu?-Pantolonun kuma\u015f\u0131 pamuk ve elastan kar\u0131\u015f\u0131m\u0131.-False]
FAILED tests/test_comprehensive_scenarios.py::test_deepresearch_customer_qa[Markas\u0131 ne bunun?-Buti\u011fimizin kendi tasar\u0131m\u0131d\u0131r.-False]
FAILED tests/test_comprehensive_scenarios.py::test_deepresearch_customer_qa[Bu \xfcr\xfcn orijinal mi?-Evet, t\xfcm \xfcr\xfcnlerimiz orijinaldir.-False]
FAILED tests/test_comprehensive_scenarios.py::test_deepresearch_customer_qa[\u0130ade var m\u0131?-Evet, teslimattan sonra 14 g\xfcn iade s\xfcremiz var.-False]
FAILED tests/test_comprehensive_scenarios.py::test_deepresearch_customer_qa[Ka\xe7 g\xfcnde iade edebilirim?-Teslim ald\u0131ktan sonra 14 g\xfcn i\xe7inde iade edebilirsiniz.-False]
FAILED tests/test_comprehensive_scenarios.py::test_deepresearch_customer_qa[De\u011fi\u015fim yap\u0131yor musunuz?-Evet, 14 g\xfcn i\xe7inde de\u011fi\u015fim yapabilirsiniz.-False]
FAILED tests/test_comprehensive_scenarios.py::test_deepresearch_customer_qa[\u0130ndirimli \xfcr\xfcnlerde iade oluyor mu?-Evet, indirimli \xfcr\xfcnleri de 14 g\xfcn i\xe7inde iade edebilirsiniz.-False]
FAILED tests/test_comprehensive_scenarios.py::test_deepresearch_customer_qa[Ma\u011fazan\u0131z var m\u0131, adresiniz nedir?-Evet, ma\u011fazam\u0131z var. Adresimiz: \u0130stanbul, Kad\u0131k\xf6y, Bahariye Caddesi No: 10.-False]
FAILED tests/test_comprehensive_scenarios.py::test_deepresearch_customer_qa[Telefon numaran\u0131z\u0131 alabilir miyim?-M\xfc\u015fteri hizmetleri numaram\u0131z: 0 (212) 345 67 89.-False]
FAILED tests/test_comprehensive_scenarios.py::test_deepresearch_customer_qa[Hangi \xf6deme y\xf6ntemleri mevcut?-Kredi kart\u0131, banka havalesi ve kap\u0131da \xf6deme se\xe7eneklerimiz var.-False]
FAILED tests/test_comprehensive_scenarios.py::test_deepresearch_customer_qa[Kap\u0131da \xf6deme var m\u0131?-Evet, kap\u0131da nakit veya kartla \xf6deme yapabilirsiniz.-False]
FAILED tests/test_comprehensive_scenarios.py::test_deepresearch_customer_qa[Kredi kart\u0131na taksit yap\u0131yor musunuz?-Evet, kredi kart\u0131na 3 taksit imkan\u0131 var.-False]
FAILED tests/test_comprehensive_scenarios.py::test_deepresearch_customer_qa[Kargo \xfccreti ne kadar?-Kargo \xfccreti sabit 20 TL'dir.-False]
FAILED tests/test_comprehensive_scenarios.py::test_deepresearch_customer_qa[Kargo ka\xe7 g\xfcnde gelir?-Kargoya verildikten sonra 2-3 g\xfcn i\xe7inde teslim edilir.-False]
FAILED tests/test_comprehensive_scenarios.py::test_deepresearch_customer_qa[\xdccretsiz kargo var m\u0131?-Evet, 300 TL ve \xfczeri sipari\u015flerde kargo \xfccretsiz.-False]
FAILED tests/test_comprehensive_scenarios.py::test_deepresearch_customer_qa[Yurt d\u0131\u015f\u0131na g\xf6nderim var m\u0131?-Evet, yurt d\u0131\u015f\u0131na da g\xf6nderim yap\u0131yoruz.-False]
FAILED tests/test_comprehensive_scenarios.py::test_deepresearch_customer_qa[Hangi kargo ile \xe7al\u0131\u015f\u0131yorsunuz?-Yurti\xe7i Kargo ile \xe7al\u0131\u015f\u0131yoruz.-False]
FAILED tests/test_comprehensive_scenarios.py::test_deepresearch_customer_qa[\u015eu an bir kampanya var m\u0131?-Evet, \u015fu an t\xfcm \xfcr\xfcnlerde %10 indirim kampanyam\u0131z var.-False]
FAILED tests/test_comprehensive_scenarios.py::test_deepresearch_customer_qa[\u0130ndirim kodu var m\u0131?-Maalesef, \u015fu an ge\xe7erli bir indirim kodumuz yok.-False]
FAILED tests/test_comprehensive_scenarios.py::test_deepresearch_customer_qa[3 al 2 \xf6de kampanyan\u0131z var m\u0131?-Maalesef, 3 al 2 \xf6de kampanyam\u0131z bulunmuyor.-False]
FAILED tests/test_comprehensive_scenarios.py::test_deepresearch_customer_qa[\u0130lk al\u0131\u015fveri\u015fe indirim var m\u0131?-Evet, ilk al\u0131\u015fveri\u015finizde %5 indirim uyguluyoruz.-False]
FAILED tests/test_comprehensive_scenarios.py::test_deepresearch_customer_qa[Anneme hediye i\xe7in ne \xf6nerirsiniz?-Elbise veya \u015f\u0131k bir \u015fal hediye i\xe7in uygun olabilir.-False]
FAILED tests/test_comprehensive_scenarios.py::test_deepresearch_customer_qa[E\u015fime pijama almak istiyorum, \xf6neriniz var m\u0131?-Pamuklu pijama tak\u0131mlar\u0131m\u0131z hediye i\xe7in ideal olacakt\u0131r.-False]
FAILED tests/test_comprehensive_scenarios.py::test_deepresearch_customer_qa[Bu pantolonun yan\u0131na hangi g\xf6mlek gider?-Beyaz veya siyah bir g\xf6mlek bu pantolonla uyumlu olur.-False]
FAILED tests/test_comprehensive_scenarios.py::test_deepresearch_customer_qa[M\xfc\u015fteri temsilcisine ba\u011flar m\u0131s\u0131n\u0131z?-Tabii, hemen ba\u011fl\u0131yorum.-False]
FAILED tests/test_comprehensive_scenarios.py::test_deepresearch_customer_qa[Bir yetkiliyle g\xf6r\xfc\u015fmek istiyorum.-Elbette, sizi hemen yetkiliye aktar\u0131yorum.-False]
FAILED tests/test_comprehensive_scenarios.py::test_deepresearch_customer_qa[Sipari\u015fim eksik geldi.-Ya\u015fanan eksiklik i\xe7in \xf6z\xfcr dileriz, hemen yetkiliye aktar\u0131yorum.-False]
FAILED tests/test_comprehensive_scenarios.py::test_deepresearch_customer_qa[Ayn\u0131 g\xfcn iki sipari\u015f verdim, birle\u015ftirilsin.-Elbette, iki sipari\u015finizi tek pakette birle\u015ftiriyoruz.-False]
FAILED tests/test_comprehensive_scenarios.py::test_deepresearch_customer_qa[Kargom h\xe2l\xe2 gelmedi.-Gecikme i\xe7in \xfczg\xfcn\xfcz. Takip kodunuzu payla\u015f\u0131rsan\u0131z hemen kontrol edelim.-False]
FAILED tests/test_comprehensive_scenarios.py::test_deepresearch_customer_qa[Sipari\u015fimi iptal etmek istiyorum.-Tamam, iptal talebinizi al\u0131yorum ve i\u015fleme koyuyorum.-False]
FAILED tests/test_comprehensive_scenarios.py::test_deepresearch_customer_qa[Elbisenin bedeni olmad\u0131. De\u011fi\u015fim veya iade yapabilir miyim?-Evet, \xfcr\xfcn\xfc 14 g\xfcn i\xe7inde iade edebilir veya farkl\u0131 bedenle de\u011fi\u015ftirebilirsiniz.-False]
FAILED tests/test_comprehensive_scenarios.py::test_deepresearch_customer_qa[Yanl\u0131\u015f \xfcr\xfcn g\xf6nderdiniz!-Ya\u015fanan kar\u0131\u015f\u0131kl\u0131k i\xe7in \xf6z\xfcr dileriz, do\u011fru \xfcr\xfcn\xfc g\xf6ndermek \xfczere hemen i\u015flem yap\u0131yoruz.-False]
FAILED tests/test_comprehensive_scenarios.py::test_deepresearch_customer_qa[\xdcr\xfcn defolu \xe7\u0131kt\u0131, iade istiyorum.-\xd6z\xfcr dileriz. Defolu \xfcr\xfcn\xfc \xfccretsiz iade alabiliriz, hemen yard\u0131mc\u0131 oluyoruz.-False]
FAILED tests/test_comprehensive_scenarios.py::test_deepresearch_customer_qa[\u0130\xe7 \xe7ama\u015f\u0131r\u0131 iade edilebilir mi?-Maalesef, hijyen nedeniyle i\xe7 \xe7ama\u015f\u0131r\u0131 \xfcr\xfcnlerinde iade veya de\u011fi\u015fim yapam\u0131yoruz.-False]
FAILED tests/test_comprehensive_scenarios.py::test_deepresearch_customer_qa[85C s\xfctyen var m\u0131?-Evet, 85C beden s\xfctyen stoklar\u0131m\u0131zda mevcut.-False]
FAILED tests/test_comprehensive_scenarios.py::test_deepresearch_customer_qa[Boxer sat\u0131yor musunuz?-Evet, erkek boxer modellerimiz mevcuttur.-False]
FAILED tests/test_comprehensive_scenarios.py::test_deepresearch_customer_qa[Pijama var m\u0131?-Evet, \xe7e\u015fitli pijama modellerimiz var.-False]
FAILED tests/test_comprehensive_scenarios.py::test_deepresearch_customer_qa[\xc7orap var m\u0131 sizde?-Evet, farkl\u0131 renk ve desende \xe7oraplar\u0131m\u0131z bulunuyor.-False]
FAILED tests/test_comprehensive_scenarios.py::test_deepresearch_customer_qa[Instagram'da payla\u015ft\u0131\u011f\u0131n\u0131z k\u0131rm\u0131z\u0131 elbisenin linkini atar m\u0131s\u0131n\u0131z?-Tabii, ilgili \xfcr\xfcn\xfcn sat\u0131\u015f linkini payla\u015f\u0131yorum: [URL]-False]
FAILED tests/test_comprehensive_scenarios.py::test_deepresearch_customer_qa[36 beden var m\u0131? Fiyat\u0131 ne kadar? Kargo \xfccreti ne kadar?-36 beden stokta mevcut. Fiyat\u0131 250 TL. Kargo \xfccreti 20 TL.-False]
FAILED tests/test_comprehensive_scenarios.py::test_deepresearch_customer_qa[slm kargo kac gun surer-Merhaba, kargo genellikle 2-3 g\xfcnde teslim edilir.-False]
FAILED tests/test_comprehensive_scenarios.py::test_deepresearch_customer_qa[mrb bu \xfcr\xfcn\xfcn fiyat\u0131 ne kdr-Merhaba, \xfcr\xfcn\xfcn fiyat\u0131 180 TL.-False]
FAILED tests/test_comprehensive_scenarios.py::test_deepresearch_customer_qa[baska renk varmi-Bu \xfcr\xfcn\xfcn ba\u015fka rengi bulunmuyor.-False]
FAILED tests/test_comprehensive_scenarios.py::test_deepresearch_customer_qa[Fiyat??-None-True]
======================== 81 failed, 37 passed in 54.56s ========================
